[INFO] Scanning for projects...
[INFO] 
[INFO] ------------------------------------------------------------------------
[INFO] Building testing-spring-boot-applications 0.0.1-SNAPSHOT
[INFO] ------------------------------------------------------------------------
[INFO] 
[INFO] --- maven-clean-plugin:2.6.1:clean (default-clean) @ testing-spring-boot-applications ---
[INFO] Deleting C:\Users\c.vazquezlos\Documents\GitHub\LOGANALYZER-SpringLogsGenerator\target
[INFO] 
[INFO] --- maven-resources-plugin:2.6:resources (default-resources) @ testing-spring-boot-applications ---
[INFO] Using 'UTF-8' encoding to copy filtered resources.
[INFO] Copying 1 resource
[INFO] Copying 1 resource
[INFO] 
[INFO] --- maven-compiler-plugin:3.1:compile (default-compile) @ testing-spring-boot-applications ---
[INFO] Changes detected - recompiling the module!
[INFO] Compiling 13 source files to C:\Users\c.vazquezlos\Documents\GitHub\LOGANALYZER-SpringLogsGenerator\target\classes
[INFO] 
[INFO] --- maven-resources-plugin:2.6:testResources (default-testResources) @ testing-spring-boot-applications ---
[INFO] Using 'UTF-8' encoding to copy filtered resources.
[INFO] Copying 3 resources
[INFO] 
[INFO] --- maven-compiler-plugin:3.1:testCompile (default-testCompile) @ testing-spring-boot-applications ---
[INFO] Changes detected - recompiling the module!
[INFO] Compiling 11 source files to C:\Users\c.vazquezlos\Documents\GitHub\LOGANALYZER-SpringLogsGenerator\target\test-classes
[WARNING] error reading C:\Users\c.vazquezlos\.m2\repository\commons-collections\commons-collections\3.2.2\commons-collections-3.2.2.jar; invalid LOC header (bad signature)
[INFO] 
[INFO] --- maven-surefire-plugin:2.18.1:test (default-test) @ testing-spring-boot-applications ---
[INFO] Surefire report directory: C:\Users\c.vazquezlos\Documents\GitHub\LOGANALYZER-SpringLogsGenerator\target\surefire-reports

-------------------------------------------------------
 T E S T S
-------------------------------------------------------
19:45:14.989 [main] DEBUG org.springframework.test.context.junit4.SpringJUnit4ClassRunner - SpringJUnit4ClassRunner constructor called with [class sample.ApplicationIntegrationTest]
19:45:14.996 [main] DEBUG org.springframework.test.context.BootstrapUtils - Instantiating CacheAwareContextLoaderDelegate from class [org.springframework.test.context.cache.DefaultCacheAwareContextLoaderDelegate]
19:45:15.005 [main] DEBUG org.springframework.test.context.BootstrapUtils - Instantiating BootstrapContext using constructor [public org.springframework.test.context.support.DefaultBootstrapContext(java.lang.Class,org.springframework.test.context.CacheAwareContextLoaderDelegate)]
19:45:15.031 [main] DEBUG org.springframework.test.context.BootstrapUtils - Instantiating TestContextBootstrapper for test class [sample.ApplicationIntegrationTest] from class [org.springframework.boot.test.context.SpringBootTestContextBootstrapper]
19:45:15.047 [main] INFO org.springframework.boot.test.context.SpringBootTestContextBootstrapper - Neither @ContextConfiguration nor @ContextHierarchy found for test class [sample.ApplicationIntegrationTest], using SpringBootContextLoader
19:45:15.051 [main] DEBUG org.springframework.test.context.support.AbstractContextLoader - Did not detect default resource location for test class [sample.ApplicationIntegrationTest]: class path resource [sample/ApplicationIntegrationTest-context.xml] does not exist
19:45:15.052 [main] DEBUG org.springframework.test.context.support.AbstractContextLoader - Did not detect default resource location for test class [sample.ApplicationIntegrationTest]: class path resource [sample/ApplicationIntegrationTestContext.groovy] does not exist
19:45:15.052 [main] INFO org.springframework.test.context.support.AbstractContextLoader - Could not detect default resource locations for test class [sample.ApplicationIntegrationTest]: no resource found for suffixes {-context.xml, Context.groovy}.
19:45:15.053 [main] INFO org.springframework.test.context.support.AnnotationConfigContextLoaderUtils - Could not detect default configuration classes for test class [sample.ApplicationIntegrationTest]: ApplicationIntegrationTest does not declare any static, non-private, non-final, nested classes annotated with @Configuration.
19:45:15.122 [main] DEBUG org.springframework.test.context.support.ActiveProfilesUtils - Could not find an 'annotation declaring class' for annotation type [org.springframework.test.context.ActiveProfiles] and class [sample.ApplicationIntegrationTest]
19:45:15.175 [main] DEBUG org.springframework.core.env.StandardEnvironment - Adding [systemProperties] PropertySource with lowest search precedence
19:45:15.175 [main] DEBUG org.springframework.core.env.StandardEnvironment - Adding [systemEnvironment] PropertySource with lowest search precedence
19:45:15.175 [main] DEBUG org.springframework.core.env.StandardEnvironment - Initialized StandardEnvironment with PropertySources [systemProperties,systemEnvironment]
19:45:15.188 [main] DEBUG org.springframework.core.io.support.PathMatchingResourcePatternResolver - Resolved classpath location [sample/] to resources [URL [file:/C:/Users/c.vazquezlos/Documents/GitHub/LOGANALYZER-SpringLogsGenerator/target/test-classes/sample/], URL [file:/C:/Users/c.vazquezlos/Documents/GitHub/LOGANALYZER-SpringLogsGenerator/target/classes/sample/]]
19:45:15.188 [main] DEBUG org.springframework.core.io.support.PathMatchingResourcePatternResolver - Looking for matching resources in directory tree [C:\Users\c.vazquezlos\Documents\GitHub\LOGANALYZER-SpringLogsGenerator\target\test-classes\sample]
19:45:15.189 [main] DEBUG org.springframework.core.io.support.PathMatchingResourcePatternResolver - Searching directory [C:\Users\c.vazquezlos\Documents\GitHub\LOGANALYZER-SpringLogsGenerator\target\test-classes\sample] for files matching pattern [C:/Users/c.vazquezlos/Documents/GitHub/LOGANALYZER-SpringLogsGenerator/target/test-classes/sample/*.class]
19:45:15.194 [main] DEBUG org.springframework.core.io.support.PathMatchingResourcePatternResolver - Looking for matching resources in directory tree [C:\Users\c.vazquezlos\Documents\GitHub\LOGANALYZER-SpringLogsGenerator\target\classes\sample]
19:45:15.194 [main] DEBUG org.springframework.core.io.support.PathMatchingResourcePatternResolver - Searching directory [C:\Users\c.vazquezlos\Documents\GitHub\LOGANALYZER-SpringLogsGenerator\target\classes\sample] for files matching pattern [C:/Users/c.vazquezlos/Documents/GitHub/LOGANALYZER-SpringLogsGenerator/target/classes/sample/*.class]
19:45:15.197 [main] DEBUG org.springframework.core.io.support.PathMatchingResourcePatternResolver - Resolved location pattern [classpath*:sample/*.class] to resources [file [C:\Users\c.vazquezlos\Documents\GitHub\LOGANALYZER-SpringLogsGenerator\target\test-classes\sample\ApplicationIntegrationTest.class], file [C:\Users\c.vazquezlos\Documents\GitHub\LOGANALYZER-SpringLogsGenerator\target\classes\sample\Application.class]]
19:45:15.249 [main] DEBUG org.springframework.context.annotation.ClassPathScanningCandidateComponentProvider - Identified candidate component class: file [C:\Users\c.vazquezlos\Documents\GitHub\LOGANALYZER-SpringLogsGenerator\target\classes\sample\Application.class]
19:45:15.250 [main] INFO org.springframework.boot.test.context.SpringBootTestContextBootstrapper - Found @SpringBootConfiguration sample.Application for test class sample.ApplicationIntegrationTest
19:45:15.253 [main] DEBUG org.springframework.boot.test.context.SpringBootTestContextBootstrapper - @TestExecutionListeners is not present for class [sample.ApplicationIntegrationTest]: using defaults.
19:45:15.257 [main] INFO org.springframework.boot.test.context.SpringBootTestContextBootstrapper - Loaded default TestExecutionListener class names from location [META-INF/spring.factories]: [org.springframework.boot.test.mock.mockito.MockitoTestExecutionListener, org.springframework.boot.test.mock.mockito.ResetMocksTestExecutionListener, org.springframework.boot.test.autoconfigure.restdocs.RestDocsTestExecutionListener, org.springframework.boot.test.autoconfigure.web.client.MockRestServiceServerResetTestExecutionListener, org.springframework.boot.test.autoconfigure.web.servlet.MockMvcPrintOnlyOnFailureTestExecutionListener, org.springframework.boot.test.autoconfigure.web.servlet.WebDriverTestExecutionListener, org.springframework.test.context.web.ServletTestExecutionListener, org.springframework.test.context.support.DirtiesContextBeforeModesTestExecutionListener, org.springframework.test.context.support.DependencyInjectionTestExecutionListener, org.springframework.test.context.support.DirtiesContextTestExecutionListener, org.springframework.test.context.transaction.TransactionalTestExecutionListener, org.springframework.test.context.jdbc.SqlScriptsTestExecutionListener]
19:45:15.286 [main] INFO org.springframework.boot.test.context.SpringBootTestContextBootstrapper - Using TestExecutionListeners: [org.springframework.test.context.web.ServletTestExecutionListener@659a969b, org.springframework.test.context.support.DirtiesContextBeforeModesTestExecutionListener@76908cc0, org.springframework.boot.test.autoconfigure.SpringBootDependencyInjectionTestExecutionListener@2473d930, org.springframework.test.context.support.DirtiesContextTestExecutionListener@35047d03, org.springframework.test.context.transaction.TransactionalTestExecutionListener@49b0b76, org.springframework.test.context.jdbc.SqlScriptsTestExecutionListener@769f71a9, org.springframework.boot.test.autoconfigure.restdocs.RestDocsTestExecutionListener@4c9f8c13, org.springframework.boot.test.autoconfigure.web.servlet.WebDriverTestExecutionListener@5ae50ce6, org.springframework.boot.test.mock.mockito.ResetMocksTestExecutionListener@6f96c77, org.springframework.boot.test.autoconfigure.web.servlet.MockMvcPrintOnlyOnFailureTestExecutionListener@be64738, org.springframework.boot.test.autoconfigure.web.client.MockRestServiceServerResetTestExecutionListener@3ba9ad43, org.springframework.boot.test.mock.mockito.MockitoTestExecutionListener@49d904ec]
19:45:15.298 [main] DEBUG org.springframework.test.context.junit4.SpringJUnit4ClassRunner - SpringJUnit4ClassRunner constructor called with [class sample.domain.UserEntityTest]
19:45:15.299 [main] DEBUG org.springframework.test.context.BootstrapUtils - Instantiating CacheAwareContextLoaderDelegate from class [org.springframework.test.context.cache.DefaultCacheAwareContextLoaderDelegate]
19:45:15.300 [main] DEBUG org.springframework.test.context.BootstrapUtils - Instantiating BootstrapContext using constructor [public org.springframework.test.context.support.DefaultBootstrapContext(java.lang.Class,org.springframework.test.context.CacheAwareContextLoaderDelegate)]
19:45:15.301 [main] DEBUG org.springframework.test.context.BootstrapUtils - Instantiating TestContextBootstrapper for test class [sample.domain.UserEntityTest] from class [org.springframework.boot.test.context.SpringBootTestContextBootstrapper]
19:45:15.304 [main] INFO org.springframework.boot.test.context.SpringBootTestContextBootstrapper - Neither @ContextConfiguration nor @ContextHierarchy found for test class [sample.domain.UserEntityTest], using SpringBootContextLoader
19:45:15.306 [main] DEBUG org.springframework.test.context.support.AbstractContextLoader - Did not detect default resource location for test class [sample.domain.UserEntityTest]: class path resource [sample/domain/UserEntityTest-context.xml] does not exist
19:45:15.306 [main] DEBUG org.springframework.test.context.support.AbstractContextLoader - Did not detect default resource location for test class [sample.domain.UserEntityTest]: class path resource [sample/domain/UserEntityTestContext.groovy] does not exist
19:45:15.306 [main] INFO org.springframework.test.context.support.AbstractContextLoader - Could not detect default resource locations for test class [sample.domain.UserEntityTest]: no resource found for suffixes {-context.xml, Context.groovy}.
19:45:15.307 [main] INFO org.springframework.test.context.support.AnnotationConfigContextLoaderUtils - Could not detect default configuration classes for test class [sample.domain.UserEntityTest]: UserEntityTest does not declare any static, non-private, non-final, nested classes annotated with @Configuration.
19:45:15.325 [main] DEBUG org.springframework.test.context.support.ActiveProfilesUtils - Could not find an 'annotation declaring class' for annotation type [org.springframework.test.context.ActiveProfiles] and class [sample.domain.UserEntityTest]
19:45:15.326 [main] DEBUG org.springframework.core.env.StandardEnvironment - Adding [systemProperties] PropertySource with lowest search precedence
19:45:15.326 [main] DEBUG org.springframework.core.env.StandardEnvironment - Adding [systemEnvironment] PropertySource with lowest search precedence
19:45:15.327 [main] DEBUG org.springframework.core.env.StandardEnvironment - Initialized StandardEnvironment with PropertySources [systemProperties,systemEnvironment]
19:45:15.327 [main] DEBUG org.springframework.core.io.support.PathMatchingResourcePatternResolver - Resolved classpath location [sample/domain/] to resources [URL [file:/C:/Users/c.vazquezlos/Documents/GitHub/LOGANALYZER-SpringLogsGenerator/target/test-classes/sample/domain/], URL [file:/C:/Users/c.vazquezlos/Documents/GitHub/LOGANALYZER-SpringLogsGenerator/target/classes/sample/domain/]]
19:45:15.328 [main] DEBUG org.springframework.core.io.support.PathMatchingResourcePatternResolver - Looking for matching resources in directory tree [C:\Users\c.vazquezlos\Documents\GitHub\LOGANALYZER-SpringLogsGenerator\target\test-classes\sample\domain]
19:45:15.328 [main] DEBUG org.springframework.core.io.support.PathMatchingResourcePatternResolver - Searching directory [C:\Users\c.vazquezlos\Documents\GitHub\LOGANALYZER-SpringLogsGenerator\target\test-classes\sample\domain] for files matching pattern [C:/Users/c.vazquezlos/Documents/GitHub/LOGANALYZER-SpringLogsGenerator/target/test-classes/sample/domain/*.class]
19:45:15.330 [main] DEBUG org.springframework.core.io.support.PathMatchingResourcePatternResolver - Looking for matching resources in directory tree [C:\Users\c.vazquezlos\Documents\GitHub\LOGANALYZER-SpringLogsGenerator\target\classes\sample\domain]
19:45:15.330 [main] DEBUG org.springframework.core.io.support.PathMatchingResourcePatternResolver - Searching directory [C:\Users\c.vazquezlos\Documents\GitHub\LOGANALYZER-SpringLogsGenerator\target\classes\sample\domain] for files matching pattern [C:/Users/c.vazquezlos/Documents/GitHub/LOGANALYZER-SpringLogsGenerator/target/classes/sample/domain/*.class]
19:45:15.332 [main] DEBUG org.springframework.core.io.support.PathMatchingResourcePatternResolver - Resolved location pattern [classpath*:sample/domain/*.class] to resources [file [C:\Users\c.vazquezlos\Documents\GitHub\LOGANALYZER-SpringLogsGenerator\target\test-classes\sample\domain\UserEntityTest.class], file [C:\Users\c.vazquezlos\Documents\GitHub\LOGANALYZER-SpringLogsGenerator\target\test-classes\sample\domain\UserRepositoryTest.class], file [C:\Users\c.vazquezlos\Documents\GitHub\LOGANALYZER-SpringLogsGenerator\target\test-classes\sample\domain\VehicleIdentificationNumberTest.class], file [C:\Users\c.vazquezlos\Documents\GitHub\LOGANALYZER-SpringLogsGenerator\target\classes\sample\domain\User.class], file [C:\Users\c.vazquezlos\Documents\GitHub\LOGANALYZER-SpringLogsGenerator\target\classes\sample\domain\UserRepository.class], file [C:\Users\c.vazquezlos\Documents\GitHub\LOGANALYZER-SpringLogsGenerator\target\classes\sample\domain\VehicleIdentificationNumber.class], file [C:\Users\c.vazquezlos\Documents\GitHub\LOGANALYZER-SpringLogsGenerator\target\classes\sample\domain\VehicleIdentificationNumberAttributeConverter.class]]
19:45:15.345 [main] DEBUG org.springframework.core.io.support.PathMatchingResourcePatternResolver - Resolved classpath location [sample/] to resources [URL [file:/C:/Users/c.vazquezlos/Documents/GitHub/LOGANALYZER-SpringLogsGenerator/target/test-classes/sample/], URL [file:/C:/Users/c.vazquezlos/Documents/GitHub/LOGANALYZER-SpringLogsGenerator/target/classes/sample/]]
19:45:15.345 [main] DEBUG org.springframework.core.io.support.PathMatchingResourcePatternResolver - Looking for matching resources in directory tree [C:\Users\c.vazquezlos\Documents\GitHub\LOGANALYZER-SpringLogsGenerator\target\test-classes\sample]
19:45:15.346 [main] DEBUG org.springframework.core.io.support.PathMatchingResourcePatternResolver - Searching directory [C:\Users\c.vazquezlos\Documents\GitHub\LOGANALYZER-SpringLogsGenerator\target\test-classes\sample] for files matching pattern [C:/Users/c.vazquezlos/Documents/GitHub/LOGANALYZER-SpringLogsGenerator/target/test-classes/sample/*.class]
19:45:15.347 [main] DEBUG org.springframework.core.io.support.PathMatchingResourcePatternResolver - Looking for matching resources in directory tree [C:\Users\c.vazquezlos\Documents\GitHub\LOGANALYZER-SpringLogsGenerator\target\classes\sample]
19:45:15.348 [main] DEBUG org.springframework.core.io.support.PathMatchingResourcePatternResolver - Searching directory [C:\Users\c.vazquezlos\Documents\GitHub\LOGANALYZER-SpringLogsGenerator\target\classes\sample] for files matching pattern [C:/Users/c.vazquezlos/Documents/GitHub/LOGANALYZER-SpringLogsGenerator/target/classes/sample/*.class]
19:45:15.349 [main] DEBUG org.springframework.core.io.support.PathMatchingResourcePatternResolver - Resolved location pattern [classpath*:sample/*.class] to resources [file [C:\Users\c.vazquezlos\Documents\GitHub\LOGANALYZER-SpringLogsGenerator\target\test-classes\sample\ApplicationIntegrationTest.class], file [C:\Users\c.vazquezlos\Documents\GitHub\LOGANALYZER-SpringLogsGenerator\target\classes\sample\Application.class]]
19:45:15.352 [main] DEBUG org.springframework.context.annotation.ClassPathScanningCandidateComponentProvider - Identified candidate component class: file [C:\Users\c.vazquezlos\Documents\GitHub\LOGANALYZER-SpringLogsGenerator\target\classes\sample\Application.class]
19:45:15.353 [main] INFO org.springframework.boot.test.context.SpringBootTestContextBootstrapper - Found @SpringBootConfiguration sample.Application for test class sample.domain.UserEntityTest
19:45:15.355 [main] DEBUG org.springframework.boot.test.context.SpringBootTestContextBootstrapper - @TestExecutionListeners is not present for class [sample.domain.UserEntityTest]: using defaults.
19:45:15.359 [main] INFO org.springframework.boot.test.context.SpringBootTestContextBootstrapper - Loaded default TestExecutionListener class names from location [META-INF/spring.factories]: [org.springframework.boot.test.mock.mockito.MockitoTestExecutionListener, org.springframework.boot.test.mock.mockito.ResetMocksTestExecutionListener, org.springframework.boot.test.autoconfigure.restdocs.RestDocsTestExecutionListener, org.springframework.boot.test.autoconfigure.web.client.MockRestServiceServerResetTestExecutionListener, org.springframework.boot.test.autoconfigure.web.servlet.MockMvcPrintOnlyOnFailureTestExecutionListener, org.springframework.boot.test.autoconfigure.web.servlet.WebDriverTestExecutionListener, org.springframework.test.context.web.ServletTestExecutionListener, org.springframework.test.context.support.DirtiesContextBeforeModesTestExecutionListener, org.springframework.test.context.support.DependencyInjectionTestExecutionListener, org.springframework.test.context.support.DirtiesContextTestExecutionListener, org.springframework.test.context.transaction.TransactionalTestExecutionListener, org.springframework.test.context.jdbc.SqlScriptsTestExecutionListener]
19:45:15.363 [main] INFO org.springframework.boot.test.context.SpringBootTestContextBootstrapper - Using TestExecutionListeners: [org.springframework.test.context.web.ServletTestExecutionListener@42e99e4a, org.springframework.test.context.support.DirtiesContextBeforeModesTestExecutionListener@14dd9eb7, org.springframework.boot.test.autoconfigure.SpringBootDependencyInjectionTestExecutionListener@52e6fdee, org.springframework.test.context.support.DirtiesContextTestExecutionListener@6c80d78a, org.springframework.test.context.transaction.TransactionalTestExecutionListener@62150f9e, org.springframework.test.context.jdbc.SqlScriptsTestExecutionListener@1a451d4d, org.springframework.boot.test.autoconfigure.restdocs.RestDocsTestExecutionListener@7fa98a66, org.springframework.boot.test.autoconfigure.web.servlet.WebDriverTestExecutionListener@15ff3e9e, org.springframework.boot.test.mock.mockito.ResetMocksTestExecutionListener@5fdcaa40, org.springframework.boot.test.autoconfigure.web.servlet.MockMvcPrintOnlyOnFailureTestExecutionListener@6dc17b83, org.springframework.boot.test.autoconfigure.web.client.MockRestServiceServerResetTestExecutionListener@5e0826e7, org.springframework.boot.test.mock.mockito.MockitoTestExecutionListener@32eff876]
19:45:15.367 [main] DEBUG org.springframework.test.context.junit4.SpringJUnit4ClassRunner - SpringJUnit4ClassRunner constructor called with [class sample.domain.UserRepositoryTest]
19:45:15.367 [main] DEBUG org.springframework.test.context.BootstrapUtils - Instantiating CacheAwareContextLoaderDelegate from class [org.springframework.test.context.cache.DefaultCacheAwareContextLoaderDelegate]
19:45:15.367 [main] DEBUG org.springframework.test.context.BootstrapUtils - Instantiating BootstrapContext using constructor [public org.springframework.test.context.support.DefaultBootstrapContext(java.lang.Class,org.springframework.test.context.CacheAwareContextLoaderDelegate)]
19:45:15.367 [main] DEBUG org.springframework.test.context.BootstrapUtils - Instantiating TestContextBootstrapper for test class [sample.domain.UserRepositoryTest] from class [org.springframework.boot.test.context.SpringBootTestContextBootstrapper]
19:45:15.369 [main] INFO org.springframework.boot.test.context.SpringBootTestContextBootstrapper - Neither @ContextConfiguration nor @ContextHierarchy found for test class [sample.domain.UserRepositoryTest], using SpringBootContextLoader
19:45:15.370 [main] DEBUG org.springframework.test.context.support.AbstractContextLoader - Did not detect default resource location for test class [sample.domain.UserRepositoryTest]: class path resource [sample/domain/UserRepositoryTest-context.xml] does not exist
19:45:15.370 [main] DEBUG org.springframework.test.context.support.AbstractContextLoader - Did not detect default resource location for test class [sample.domain.UserRepositoryTest]: class path resource [sample/domain/UserRepositoryTestContext.groovy] does not exist
19:45:15.370 [main] INFO org.springframework.test.context.support.AbstractContextLoader - Could not detect default resource locations for test class [sample.domain.UserRepositoryTest]: no resource found for suffixes {-context.xml, Context.groovy}.
19:45:15.371 [main] INFO org.springframework.test.context.support.AnnotationConfigContextLoaderUtils - Could not detect default configuration classes for test class [sample.domain.UserRepositoryTest]: UserRepositoryTest does not declare any static, non-private, non-final, nested classes annotated with @Configuration.
19:45:15.380 [main] DEBUG org.springframework.test.context.support.ActiveProfilesUtils - Could not find an 'annotation declaring class' for annotation type [org.springframework.test.context.ActiveProfiles] and class [sample.domain.UserRepositoryTest]
19:45:15.381 [main] DEBUG org.springframework.core.env.StandardEnvironment - Adding [systemProperties] PropertySource with lowest search precedence
19:45:15.381 [main] DEBUG org.springframework.core.env.StandardEnvironment - Adding [systemEnvironment] PropertySource with lowest search precedence
19:45:15.381 [main] DEBUG org.springframework.core.env.StandardEnvironment - Initialized StandardEnvironment with PropertySources [systemProperties,systemEnvironment]
19:45:15.382 [main] INFO org.springframework.boot.test.context.SpringBootTestContextBootstrapper - Found @SpringBootConfiguration sample.Application for test class sample.domain.UserRepositoryTest
19:45:15.383 [main] DEBUG org.springframework.boot.test.context.SpringBootTestContextBootstrapper - @TestExecutionListeners is not present for class [sample.domain.UserRepositoryTest]: using defaults.
19:45:15.387 [main] INFO org.springframework.boot.test.context.SpringBootTestContextBootstrapper - Loaded default TestExecutionListener class names from location [META-INF/spring.factories]: [org.springframework.boot.test.mock.mockito.MockitoTestExecutionListener, org.springframework.boot.test.mock.mockito.ResetMocksTestExecutionListener, org.springframework.boot.test.autoconfigure.restdocs.RestDocsTestExecutionListener, org.springframework.boot.test.autoconfigure.web.client.MockRestServiceServerResetTestExecutionListener, org.springframework.boot.test.autoconfigure.web.servlet.MockMvcPrintOnlyOnFailureTestExecutionListener, org.springframework.boot.test.autoconfigure.web.servlet.WebDriverTestExecutionListener, org.springframework.test.context.web.ServletTestExecutionListener, org.springframework.test.context.support.DirtiesContextBeforeModesTestExecutionListener, org.springframework.test.context.support.DependencyInjectionTestExecutionListener, org.springframework.test.context.support.DirtiesContextTestExecutionListener, org.springframework.test.context.transaction.TransactionalTestExecutionListener, org.springframework.test.context.jdbc.SqlScriptsTestExecutionListener]
19:45:15.390 [main] INFO org.springframework.boot.test.context.SpringBootTestContextBootstrapper - Using TestExecutionListeners: [org.springframework.test.context.web.ServletTestExecutionListener@478190fc, org.springframework.test.context.support.DirtiesContextBeforeModesTestExecutionListener@79e2c065, org.springframework.boot.test.autoconfigure.SpringBootDependencyInjectionTestExecutionListener@3a93b025, org.springframework.test.context.support.DirtiesContextTestExecutionListener@35cabb2a, org.springframework.test.context.transaction.TransactionalTestExecutionListener@7e07db1f, org.springframework.test.context.jdbc.SqlScriptsTestExecutionListener@1189dd52, org.springframework.boot.test.autoconfigure.restdocs.RestDocsTestExecutionListener@36bc55de, org.springframework.boot.test.autoconfigure.web.servlet.WebDriverTestExecutionListener@564fabc8, org.springframework.boot.test.mock.mockito.ResetMocksTestExecutionListener@16d04d3d, org.springframework.boot.test.autoconfigure.web.servlet.MockMvcPrintOnlyOnFailureTestExecutionListener@49ec71f8, org.springframework.boot.test.autoconfigure.web.client.MockRestServiceServerResetTestExecutionListener@1d2adfbe, org.springframework.boot.test.mock.mockito.MockitoTestExecutionListener@36902638]
19:45:15.395 [main] DEBUG org.springframework.test.context.junit4.SpringJUnit4ClassRunner - SpringJUnit4ClassRunner constructor called with [class sample.service.RemoteVehicleDetailsServiceTest]
19:45:15.396 [main] DEBUG org.springframework.test.context.BootstrapUtils - Instantiating CacheAwareContextLoaderDelegate from class [org.springframework.test.context.cache.DefaultCacheAwareContextLoaderDelegate]
19:45:15.396 [main] DEBUG org.springframework.test.context.BootstrapUtils - Instantiating BootstrapContext using constructor [public org.springframework.test.context.support.DefaultBootstrapContext(java.lang.Class,org.springframework.test.context.CacheAwareContextLoaderDelegate)]
19:45:15.398 [main] DEBUG org.springframework.test.context.BootstrapUtils - Instantiating TestContextBootstrapper for test class [sample.service.RemoteVehicleDetailsServiceTest] from class [org.springframework.boot.test.context.SpringBootTestContextBootstrapper]
19:45:15.399 [main] INFO org.springframework.boot.test.context.SpringBootTestContextBootstrapper - Neither @ContextConfiguration nor @ContextHierarchy found for test class [sample.service.RemoteVehicleDetailsServiceTest], using SpringBootContextLoader
19:45:15.400 [main] DEBUG org.springframework.test.context.support.AbstractContextLoader - Did not detect default resource location for test class [sample.service.RemoteVehicleDetailsServiceTest]: class path resource [sample/service/RemoteVehicleDetailsServiceTest-context.xml] does not exist
19:45:15.400 [main] DEBUG org.springframework.test.context.support.AbstractContextLoader - Did not detect default resource location for test class [sample.service.RemoteVehicleDetailsServiceTest]: class path resource [sample/service/RemoteVehicleDetailsServiceTestContext.groovy] does not exist
19:45:15.401 [main] INFO org.springframework.test.context.support.AbstractContextLoader - Could not detect default resource locations for test class [sample.service.RemoteVehicleDetailsServiceTest]: no resource found for suffixes {-context.xml, Context.groovy}.
19:45:15.401 [main] INFO org.springframework.test.context.support.AnnotationConfigContextLoaderUtils - Could not detect default configuration classes for test class [sample.service.RemoteVehicleDetailsServiceTest]: RemoteVehicleDetailsServiceTest does not declare any static, non-private, non-final, nested classes annotated with @Configuration.
19:45:15.414 [main] DEBUG org.springframework.test.context.support.ActiveProfilesUtils - Could not find an 'annotation declaring class' for annotation type [org.springframework.test.context.ActiveProfiles] and class [sample.service.RemoteVehicleDetailsServiceTest]
19:45:15.415 [main] DEBUG org.springframework.core.env.StandardEnvironment - Adding [systemProperties] PropertySource with lowest search precedence
19:45:15.415 [main] DEBUG org.springframework.core.env.StandardEnvironment - Adding [systemEnvironment] PropertySource with lowest search precedence
19:45:15.415 [main] DEBUG org.springframework.core.env.StandardEnvironment - Initialized StandardEnvironment with PropertySources [systemProperties,systemEnvironment]
19:45:15.416 [main] DEBUG org.springframework.core.io.support.PathMatchingResourcePatternResolver - Resolved classpath location [sample/service/] to resources [URL [file:/C:/Users/c.vazquezlos/Documents/GitHub/LOGANALYZER-SpringLogsGenerator/target/test-classes/sample/service/], URL [file:/C:/Users/c.vazquezlos/Documents/GitHub/LOGANALYZER-SpringLogsGenerator/target/classes/sample/service/]]
19:45:15.416 [main] DEBUG org.springframework.core.io.support.PathMatchingResourcePatternResolver - Looking for matching resources in directory tree [C:\Users\c.vazquezlos\Documents\GitHub\LOGANALYZER-SpringLogsGenerator\target\test-classes\sample\service]
19:45:15.417 [main] DEBUG org.springframework.core.io.support.PathMatchingResourcePatternResolver - Searching directory [C:\Users\c.vazquezlos\Documents\GitHub\LOGANALYZER-SpringLogsGenerator\target\test-classes\sample\service] for files matching pattern [C:/Users/c.vazquezlos/Documents/GitHub/LOGANALYZER-SpringLogsGenerator/target/test-classes/sample/service/*.class]
19:45:15.418 [main] DEBUG org.springframework.core.io.support.PathMatchingResourcePatternResolver - Looking for matching resources in directory tree [C:\Users\c.vazquezlos\Documents\GitHub\LOGANALYZER-SpringLogsGenerator\target\classes\sample\service]
19:45:15.419 [main] DEBUG org.springframework.core.io.support.PathMatchingResourcePatternResolver - Searching directory [C:\Users\c.vazquezlos\Documents\GitHub\LOGANALYZER-SpringLogsGenerator\target\classes\sample\service] for files matching pattern [C:/Users/c.vazquezlos/Documents/GitHub/LOGANALYZER-SpringLogsGenerator/target/classes/sample/service/*.class]
19:45:15.421 [main] DEBUG org.springframework.core.io.support.PathMatchingResourcePatternResolver - Resolved location pattern [classpath*:sample/service/*.class] to resources [file [C:\Users\c.vazquezlos\Documents\GitHub\LOGANALYZER-SpringLogsGenerator\target\test-classes\sample\service\RemoteVehicleDetailsServiceTest.class], file [C:\Users\c.vazquezlos\Documents\GitHub\LOGANALYZER-SpringLogsGenerator\target\test-classes\sample\service\VehicleDetailsJsonTest.class], file [C:\Users\c.vazquezlos\Documents\GitHub\LOGANALYZER-SpringLogsGenerator\target\classes\sample\service\RemoteVehicleDetailsService.class], file [C:\Users\c.vazquezlos\Documents\GitHub\LOGANALYZER-SpringLogsGenerator\target\classes\sample\service\RemoteVehicleDetailsServiceProperties.class], file [C:\Users\c.vazquezlos\Documents\GitHub\LOGANALYZER-SpringLogsGenerator\target\classes\sample\service\VehicleDetails.class], file [C:\Users\c.vazquezlos\Documents\GitHub\LOGANALYZER-SpringLogsGenerator\target\classes\sample\service\VehicleDetailsService.class], file [C:\Users\c.vazquezlos\Documents\GitHub\LOGANALYZER-SpringLogsGenerator\target\classes\sample\service\VehicleIdentificationNumberNotFoundException.class]]
19:45:15.436 [main] DEBUG org.springframework.core.io.support.PathMatchingResourcePatternResolver - Resolved classpath location [sample/] to resources [URL [file:/C:/Users/c.vazquezlos/Documents/GitHub/LOGANALYZER-SpringLogsGenerator/target/test-classes/sample/], URL [file:/C:/Users/c.vazquezlos/Documents/GitHub/LOGANALYZER-SpringLogsGenerator/target/classes/sample/]]
19:45:15.436 [main] DEBUG org.springframework.core.io.support.PathMatchingResourcePatternResolver - Looking for matching resources in directory tree [C:\Users\c.vazquezlos\Documents\GitHub\LOGANALYZER-SpringLogsGenerator\target\test-classes\sample]
19:45:15.437 [main] DEBUG org.springframework.core.io.support.PathMatchingResourcePatternResolver - Searching directory [C:\Users\c.vazquezlos\Documents\GitHub\LOGANALYZER-SpringLogsGenerator\target\test-classes\sample] for files matching pattern [C:/Users/c.vazquezlos/Documents/GitHub/LOGANALYZER-SpringLogsGenerator/target/test-classes/sample/*.class]
19:45:15.437 [main] DEBUG org.springframework.core.io.support.PathMatchingResourcePatternResolver - Looking for matching resources in directory tree [C:\Users\c.vazquezlos\Documents\GitHub\LOGANALYZER-SpringLogsGenerator\target\classes\sample]
19:45:15.438 [main] DEBUG org.springframework.core.io.support.PathMatchingResourcePatternResolver - Searching directory [C:\Users\c.vazquezlos\Documents\GitHub\LOGANALYZER-SpringLogsGenerator\target\classes\sample] for files matching pattern [C:/Users/c.vazquezlos/Documents/GitHub/LOGANALYZER-SpringLogsGenerator/target/classes/sample/*.class]
19:45:15.439 [main] DEBUG org.springframework.core.io.support.PathMatchingResourcePatternResolver - Resolved location pattern [classpath*:sample/*.class] to resources [file [C:\Users\c.vazquezlos\Documents\GitHub\LOGANALYZER-SpringLogsGenerator\target\test-classes\sample\ApplicationIntegrationTest.class], file [C:\Users\c.vazquezlos\Documents\GitHub\LOGANALYZER-SpringLogsGenerator\target\classes\sample\Application.class]]
19:45:15.441 [main] DEBUG org.springframework.context.annotation.ClassPathScanningCandidateComponentProvider - Identified candidate component class: file [C:\Users\c.vazquezlos\Documents\GitHub\LOGANALYZER-SpringLogsGenerator\target\classes\sample\Application.class]
19:45:15.441 [main] INFO org.springframework.boot.test.context.SpringBootTestContextBootstrapper - Found @SpringBootConfiguration sample.Application for test class sample.service.RemoteVehicleDetailsServiceTest
19:45:15.444 [main] DEBUG org.springframework.boot.test.context.SpringBootTestContextBootstrapper - @TestExecutionListeners is not present for class [sample.service.RemoteVehicleDetailsServiceTest]: using defaults.
19:45:15.448 [main] INFO org.springframework.boot.test.context.SpringBootTestContextBootstrapper - Loaded default TestExecutionListener class names from location [META-INF/spring.factories]: [org.springframework.boot.test.mock.mockito.MockitoTestExecutionListener, org.springframework.boot.test.mock.mockito.ResetMocksTestExecutionListener, org.springframework.boot.test.autoconfigure.restdocs.RestDocsTestExecutionListener, org.springframework.boot.test.autoconfigure.web.client.MockRestServiceServerResetTestExecutionListener, org.springframework.boot.test.autoconfigure.web.servlet.MockMvcPrintOnlyOnFailureTestExecutionListener, org.springframework.boot.test.autoconfigure.web.servlet.WebDriverTestExecutionListener, org.springframework.test.context.web.ServletTestExecutionListener, org.springframework.test.context.support.DirtiesContextBeforeModesTestExecutionListener, org.springframework.test.context.support.DependencyInjectionTestExecutionListener, org.springframework.test.context.support.DirtiesContextTestExecutionListener, org.springframework.test.context.transaction.TransactionalTestExecutionListener, org.springframework.test.context.jdbc.SqlScriptsTestExecutionListener]
19:45:15.452 [main] INFO org.springframework.boot.test.context.SpringBootTestContextBootstrapper - Using TestExecutionListeners: [org.springframework.test.context.web.ServletTestExecutionListener@28701274, org.springframework.test.context.support.DirtiesContextBeforeModesTestExecutionListener@13c9d689, org.springframework.boot.test.autoconfigure.SpringBootDependencyInjectionTestExecutionListener@3754a4bf, org.springframework.test.context.support.DirtiesContextTestExecutionListener@62379589, org.springframework.test.context.transaction.TransactionalTestExecutionListener@4afcd809, org.springframework.test.context.jdbc.SqlScriptsTestExecutionListener@175c2241, org.springframework.boot.test.autoconfigure.restdocs.RestDocsTestExecutionListener@5bf0d49, org.springframework.boot.test.autoconfigure.web.servlet.WebDriverTestExecutionListener@5b7a5baa, org.springframework.boot.test.mock.mockito.ResetMocksTestExecutionListener@776aec5c, org.springframework.boot.test.autoconfigure.web.servlet.MockMvcPrintOnlyOnFailureTestExecutionListener@1d296da, org.springframework.boot.test.autoconfigure.web.client.MockRestServiceServerResetTestExecutionListener@7c7a06ec, org.springframework.boot.test.mock.mockito.MockitoTestExecutionListener@75d4a5c2]
19:45:15.455 [main] DEBUG org.springframework.test.context.junit4.SpringJUnit4ClassRunner - SpringJUnit4ClassRunner constructor called with [class sample.service.VehicleDetailsJsonTest]
19:45:15.455 [main] DEBUG org.springframework.test.context.BootstrapUtils - Instantiating CacheAwareContextLoaderDelegate from class [org.springframework.test.context.cache.DefaultCacheAwareContextLoaderDelegate]
19:45:15.455 [main] DEBUG org.springframework.test.context.BootstrapUtils - Instantiating BootstrapContext using constructor [public org.springframework.test.context.support.DefaultBootstrapContext(java.lang.Class,org.springframework.test.context.CacheAwareContextLoaderDelegate)]
19:45:15.457 [main] DEBUG org.springframework.test.context.BootstrapUtils - Instantiating TestContextBootstrapper for test class [sample.service.VehicleDetailsJsonTest] from class [org.springframework.boot.test.context.SpringBootTestContextBootstrapper]
19:45:15.458 [main] INFO org.springframework.boot.test.context.SpringBootTestContextBootstrapper - Neither @ContextConfiguration nor @ContextHierarchy found for test class [sample.service.VehicleDetailsJsonTest], using SpringBootContextLoader
19:45:15.458 [main] DEBUG org.springframework.test.context.support.AbstractContextLoader - Did not detect default resource location for test class [sample.service.VehicleDetailsJsonTest]: class path resource [sample/service/VehicleDetailsJsonTest-context.xml] does not exist
19:45:15.459 [main] DEBUG org.springframework.test.context.support.AbstractContextLoader - Did not detect default resource location for test class [sample.service.VehicleDetailsJsonTest]: class path resource [sample/service/VehicleDetailsJsonTestContext.groovy] does not exist
19:45:15.459 [main] INFO org.springframework.test.context.support.AbstractContextLoader - Could not detect default resource locations for test class [sample.service.VehicleDetailsJsonTest]: no resource found for suffixes {-context.xml, Context.groovy}.
19:45:15.459 [main] INFO org.springframework.test.context.support.AnnotationConfigContextLoaderUtils - Could not detect default configuration classes for test class [sample.service.VehicleDetailsJsonTest]: VehicleDetailsJsonTest does not declare any static, non-private, non-final, nested classes annotated with @Configuration.
19:45:15.469 [main] DEBUG org.springframework.test.context.support.ActiveProfilesUtils - Could not find an 'annotation declaring class' for annotation type [org.springframework.test.context.ActiveProfiles] and class [sample.service.VehicleDetailsJsonTest]
19:45:15.470 [main] DEBUG org.springframework.core.env.StandardEnvironment - Adding [systemProperties] PropertySource with lowest search precedence
19:45:15.470 [main] DEBUG org.springframework.core.env.StandardEnvironment - Adding [systemEnvironment] PropertySource with lowest search precedence
19:45:15.470 [main] DEBUG org.springframework.core.env.StandardEnvironment - Initialized StandardEnvironment with PropertySources [systemProperties,systemEnvironment]
19:45:15.471 [main] INFO org.springframework.boot.test.context.SpringBootTestContextBootstrapper - Found @SpringBootConfiguration sample.Application for test class sample.service.VehicleDetailsJsonTest
19:45:15.471 [main] DEBUG org.springframework.boot.test.context.SpringBootTestContextBootstrapper - @TestExecutionListeners is not present for class [sample.service.VehicleDetailsJsonTest]: using defaults.
19:45:15.474 [main] INFO org.springframework.boot.test.context.SpringBootTestContextBootstrapper - Loaded default TestExecutionListener class names from location [META-INF/spring.factories]: [org.springframework.boot.test.mock.mockito.MockitoTestExecutionListener, org.springframework.boot.test.mock.mockito.ResetMocksTestExecutionListener, org.springframework.boot.test.autoconfigure.restdocs.RestDocsTestExecutionListener, org.springframework.boot.test.autoconfigure.web.client.MockRestServiceServerResetTestExecutionListener, org.springframework.boot.test.autoconfigure.web.servlet.MockMvcPrintOnlyOnFailureTestExecutionListener, org.springframework.boot.test.autoconfigure.web.servlet.WebDriverTestExecutionListener, org.springframework.test.context.web.ServletTestExecutionListener, org.springframework.test.context.support.DirtiesContextBeforeModesTestExecutionListener, org.springframework.test.context.support.DependencyInjectionTestExecutionListener, org.springframework.test.context.support.DirtiesContextTestExecutionListener, org.springframework.test.context.transaction.TransactionalTestExecutionListener, org.springframework.test.context.jdbc.SqlScriptsTestExecutionListener]
19:45:15.477 [main] INFO org.springframework.boot.test.context.SpringBootTestContextBootstrapper - Using TestExecutionListeners: [org.springframework.test.context.web.ServletTestExecutionListener@1fa121e2, org.springframework.test.context.support.DirtiesContextBeforeModesTestExecutionListener@7eac9008, org.springframework.boot.test.autoconfigure.SpringBootDependencyInjectionTestExecutionListener@4116aac9, org.springframework.test.context.support.DirtiesContextTestExecutionListener@62ddbd7e, org.springframework.test.context.transaction.TransactionalTestExecutionListener@74e52ef6, org.springframework.test.context.jdbc.SqlScriptsTestExecutionListener@6ed3ccb2, org.springframework.boot.test.autoconfigure.restdocs.RestDocsTestExecutionListener@1a677343, org.springframework.boot.test.autoconfigure.web.servlet.WebDriverTestExecutionListener@15de0b3c, org.springframework.boot.test.mock.mockito.ResetMocksTestExecutionListener@489115ef, org.springframework.boot.test.autoconfigure.web.servlet.MockMvcPrintOnlyOnFailureTestExecutionListener@3857f613, org.springframework.boot.test.autoconfigure.web.client.MockRestServiceServerResetTestExecutionListener@198b6731, org.springframework.boot.test.mock.mockito.MockitoTestExecutionListener@7c6908d7]
19:45:15.479 [main] DEBUG org.springframework.test.context.junit4.SpringJUnit4ClassRunner - SpringJUnit4ClassRunner constructor called with [class sample.web.UserVehicleControllerApplicationTest]
19:45:15.480 [main] DEBUG org.springframework.test.context.BootstrapUtils - Instantiating CacheAwareContextLoaderDelegate from class [org.springframework.test.context.cache.DefaultCacheAwareContextLoaderDelegate]
19:45:15.480 [main] DEBUG org.springframework.test.context.BootstrapUtils - Instantiating BootstrapContext using constructor [public org.springframework.test.context.support.DefaultBootstrapContext(java.lang.Class,org.springframework.test.context.CacheAwareContextLoaderDelegate)]
19:45:15.480 [main] DEBUG org.springframework.test.context.BootstrapUtils - Instantiating TestContextBootstrapper for test class [sample.web.UserVehicleControllerApplicationTest] from class [org.springframework.boot.test.context.SpringBootTestContextBootstrapper]
19:45:15.481 [main] INFO org.springframework.boot.test.context.SpringBootTestContextBootstrapper - Neither @ContextConfiguration nor @ContextHierarchy found for test class [sample.web.UserVehicleControllerApplicationTest], using SpringBootContextLoader
19:45:15.481 [main] DEBUG org.springframework.test.context.support.AbstractContextLoader - Did not detect default resource location for test class [sample.web.UserVehicleControllerApplicationTest]: class path resource [sample/web/UserVehicleControllerApplicationTest-context.xml] does not exist
19:45:15.481 [main] DEBUG org.springframework.test.context.support.AbstractContextLoader - Did not detect default resource location for test class [sample.web.UserVehicleControllerApplicationTest]: class path resource [sample/web/UserVehicleControllerApplicationTestContext.groovy] does not exist
19:45:15.482 [main] INFO org.springframework.test.context.support.AbstractContextLoader - Could not detect default resource locations for test class [sample.web.UserVehicleControllerApplicationTest]: no resource found for suffixes {-context.xml, Context.groovy}.
19:45:15.482 [main] INFO org.springframework.test.context.support.AnnotationConfigContextLoaderUtils - Could not detect default configuration classes for test class [sample.web.UserVehicleControllerApplicationTest]: UserVehicleControllerApplicationTest does not declare any static, non-private, non-final, nested classes annotated with @Configuration.
19:45:15.490 [main] DEBUG org.springframework.test.context.support.ActiveProfilesUtils - Could not find an 'annotation declaring class' for annotation type [org.springframework.test.context.ActiveProfiles] and class [sample.web.UserVehicleControllerApplicationTest]
19:45:15.493 [main] DEBUG org.springframework.core.env.StandardEnvironment - Adding [systemProperties] PropertySource with lowest search precedence
19:45:15.493 [main] DEBUG org.springframework.core.env.StandardEnvironment - Adding [systemEnvironment] PropertySource with lowest search precedence
19:45:15.493 [main] DEBUG org.springframework.core.env.StandardEnvironment - Initialized StandardEnvironment with PropertySources [systemProperties,systemEnvironment]
19:45:15.494 [main] DEBUG org.springframework.core.io.support.PathMatchingResourcePatternResolver - Resolved classpath location [sample/web/] to resources [URL [file:/C:/Users/c.vazquezlos/Documents/GitHub/LOGANALYZER-SpringLogsGenerator/target/test-classes/sample/web/], URL [file:/C:/Users/c.vazquezlos/Documents/GitHub/LOGANALYZER-SpringLogsGenerator/target/classes/sample/web/]]
19:45:15.494 [main] DEBUG org.springframework.core.io.support.PathMatchingResourcePatternResolver - Looking for matching resources in directory tree [C:\Users\c.vazquezlos\Documents\GitHub\LOGANALYZER-SpringLogsGenerator\target\test-classes\sample\web]
19:45:15.495 [main] DEBUG org.springframework.core.io.support.PathMatchingResourcePatternResolver - Searching directory [C:\Users\c.vazquezlos\Documents\GitHub\LOGANALYZER-SpringLogsGenerator\target\test-classes\sample\web] for files matching pattern [C:/Users/c.vazquezlos/Documents/GitHub/LOGANALYZER-SpringLogsGenerator/target/test-classes/sample/web/*.class]
19:45:15.496 [main] DEBUG org.springframework.core.io.support.PathMatchingResourcePatternResolver - Looking for matching resources in directory tree [C:\Users\c.vazquezlos\Documents\GitHub\LOGANALYZER-SpringLogsGenerator\target\classes\sample\web]
19:45:15.497 [main] DEBUG org.springframework.core.io.support.PathMatchingResourcePatternResolver - Searching directory [C:\Users\c.vazquezlos\Documents\GitHub\LOGANALYZER-SpringLogsGenerator\target\classes\sample\web] for files matching pattern [C:/Users/c.vazquezlos/Documents/GitHub/LOGANALYZER-SpringLogsGenerator/target/classes/sample/web/*.class]
19:45:15.498 [main] DEBUG org.springframework.core.io.support.PathMatchingResourcePatternResolver - Resolved location pattern [classpath*:sample/web/*.class] to resources [file [C:\Users\c.vazquezlos\Documents\GitHub\LOGANALYZER-SpringLogsGenerator\target\test-classes\sample\web\UserVehicleControllerApplicationTest.class], file [C:\Users\c.vazquezlos\Documents\GitHub\LOGANALYZER-SpringLogsGenerator\target\test-classes\sample\web\UserVehicleControllerHtmlUnitTest.class], file [C:\Users\c.vazquezlos\Documents\GitHub\LOGANALYZER-SpringLogsGenerator\target\test-classes\sample\web\UserVehicleControllerSeleniumTest.class], file [C:\Users\c.vazquezlos\Documents\GitHub\LOGANALYZER-SpringLogsGenerator\target\test-classes\sample\web\UserVehicleControllerTest.class], file [C:\Users\c.vazquezlos\Documents\GitHub\LOGANALYZER-SpringLogsGenerator\target\test-classes\sample\web\UserVehicleServiceTest.class], file [C:\Users\c.vazquezlos\Documents\GitHub\LOGANALYZER-SpringLogsGenerator\target\classes\sample\web\UserNameNotFoundException.class], file [C:\Users\c.vazquezlos\Documents\GitHub\LOGANALYZER-SpringLogsGenerator\target\classes\sample\web\UserVehicleController.class], file [C:\Users\c.vazquezlos\Documents\GitHub\LOGANALYZER-SpringLogsGenerator\target\classes\sample\web\UserVehicleService.class]]
19:45:15.522 [main] DEBUG org.springframework.core.io.support.PathMatchingResourcePatternResolver - Resolved classpath location [sample/] to resources [URL [file:/C:/Users/c.vazquezlos/Documents/GitHub/LOGANALYZER-SpringLogsGenerator/target/test-classes/sample/], URL [file:/C:/Users/c.vazquezlos/Documents/GitHub/LOGANALYZER-SpringLogsGenerator/target/classes/sample/]]
19:45:15.522 [main] DEBUG org.springframework.core.io.support.PathMatchingResourcePatternResolver - Looking for matching resources in directory tree [C:\Users\c.vazquezlos\Documents\GitHub\LOGANALYZER-SpringLogsGenerator\target\test-classes\sample]
19:45:15.522 [main] DEBUG org.springframework.core.io.support.PathMatchingResourcePatternResolver - Searching directory [C:\Users\c.vazquezlos\Documents\GitHub\LOGANALYZER-SpringLogsGenerator\target\test-classes\sample] for files matching pattern [C:/Users/c.vazquezlos/Documents/GitHub/LOGANALYZER-SpringLogsGenerator/target/test-classes/sample/*.class]
19:45:15.523 [main] DEBUG org.springframework.core.io.support.PathMatchingResourcePatternResolver - Looking for matching resources in directory tree [C:\Users\c.vazquezlos\Documents\GitHub\LOGANALYZER-SpringLogsGenerator\target\classes\sample]
19:45:15.524 [main] DEBUG org.springframework.core.io.support.PathMatchingResourcePatternResolver - Searching directory [C:\Users\c.vazquezlos\Documents\GitHub\LOGANALYZER-SpringLogsGenerator\target\classes\sample] for files matching pattern [C:/Users/c.vazquezlos/Documents/GitHub/LOGANALYZER-SpringLogsGenerator/target/classes/sample/*.class]
19:45:15.525 [main] DEBUG org.springframework.core.io.support.PathMatchingResourcePatternResolver - Resolved location pattern [classpath*:sample/*.class] to resources [file [C:\Users\c.vazquezlos\Documents\GitHub\LOGANALYZER-SpringLogsGenerator\target\test-classes\sample\ApplicationIntegrationTest.class], file [C:\Users\c.vazquezlos\Documents\GitHub\LOGANALYZER-SpringLogsGenerator\target\classes\sample\Application.class]]
19:45:15.527 [main] DEBUG org.springframework.context.annotation.ClassPathScanningCandidateComponentProvider - Identified candidate component class: file [C:\Users\c.vazquezlos\Documents\GitHub\LOGANALYZER-SpringLogsGenerator\target\classes\sample\Application.class]
19:45:15.527 [main] INFO org.springframework.boot.test.context.SpringBootTestContextBootstrapper - Found @SpringBootConfiguration sample.Application for test class sample.web.UserVehicleControllerApplicationTest
19:45:15.532 [main] DEBUG org.springframework.boot.test.context.SpringBootTestContextBootstrapper - @TestExecutionListeners is not present for class [sample.web.UserVehicleControllerApplicationTest]: using defaults.
19:45:15.535 [main] INFO org.springframework.boot.test.context.SpringBootTestContextBootstrapper - Loaded default TestExecutionListener class names from location [META-INF/spring.factories]: [org.springframework.boot.test.mock.mockito.MockitoTestExecutionListener, org.springframework.boot.test.mock.mockito.ResetMocksTestExecutionListener, org.springframework.boot.test.autoconfigure.restdocs.RestDocsTestExecutionListener, org.springframework.boot.test.autoconfigure.web.client.MockRestServiceServerResetTestExecutionListener, org.springframework.boot.test.autoconfigure.web.servlet.MockMvcPrintOnlyOnFailureTestExecutionListener, org.springframework.boot.test.autoconfigure.web.servlet.WebDriverTestExecutionListener, org.springframework.test.context.web.ServletTestExecutionListener, org.springframework.test.context.support.DirtiesContextBeforeModesTestExecutionListener, org.springframework.test.context.support.DependencyInjectionTestExecutionListener, org.springframework.test.context.support.DirtiesContextTestExecutionListener, org.springframework.test.context.transaction.TransactionalTestExecutionListener, org.springframework.test.context.jdbc.SqlScriptsTestExecutionListener]
19:45:15.538 [main] INFO org.springframework.boot.test.context.SpringBootTestContextBootstrapper - Using TestExecutionListeners: [org.springframework.test.context.web.ServletTestExecutionListener@68e5eea7, org.springframework.test.context.support.DirtiesContextBeforeModesTestExecutionListener@291b4bf5, org.springframework.boot.test.autoconfigure.SpringBootDependencyInjectionTestExecutionListener@2d2ffcb7, org.springframework.test.context.support.DirtiesContextTestExecutionListener@762ef0ea, org.springframework.test.context.transaction.TransactionalTestExecutionListener@31f9b85e, org.springframework.test.context.jdbc.SqlScriptsTestExecutionListener@424e1977, org.springframework.boot.test.autoconfigure.restdocs.RestDocsTestExecutionListener@10d68fcd, org.springframework.boot.test.autoconfigure.web.servlet.WebDriverTestExecutionListener@117e949d, org.springframework.boot.test.mock.mockito.ResetMocksTestExecutionListener@6db9f5a4, org.springframework.boot.test.autoconfigure.web.servlet.MockMvcPrintOnlyOnFailureTestExecutionListener@5f8edcc5, org.springframework.boot.test.autoconfigure.web.client.MockRestServiceServerResetTestExecutionListener@7b02881e, org.springframework.boot.test.mock.mockito.MockitoTestExecutionListener@1ebd319f]
19:45:15.543 [main] DEBUG org.springframework.test.context.junit4.SpringJUnit4ClassRunner - SpringJUnit4ClassRunner constructor called with [class sample.web.UserVehicleControllerHtmlUnitTest]
19:45:15.543 [main] DEBUG org.springframework.test.context.BootstrapUtils - Instantiating CacheAwareContextLoaderDelegate from class [org.springframework.test.context.cache.DefaultCacheAwareContextLoaderDelegate]
19:45:15.543 [main] DEBUG org.springframework.test.context.BootstrapUtils - Instantiating BootstrapContext using constructor [public org.springframework.test.context.support.DefaultBootstrapContext(java.lang.Class,org.springframework.test.context.CacheAwareContextLoaderDelegate)]
19:45:15.545 [main] DEBUG org.springframework.test.context.BootstrapUtils - Instantiating TestContextBootstrapper for test class [sample.web.UserVehicleControllerHtmlUnitTest] from class [org.springframework.boot.test.autoconfigure.web.servlet.WebMvcTestContextBootstrapper]
19:45:15.546 [main] INFO org.springframework.boot.test.autoconfigure.web.servlet.WebMvcTestContextBootstrapper - Neither @ContextConfiguration nor @ContextHierarchy found for test class [sample.web.UserVehicleControllerHtmlUnitTest], using SpringBootContextLoader
19:45:15.547 [main] DEBUG org.springframework.test.context.support.AbstractContextLoader - Did not detect default resource location for test class [sample.web.UserVehicleControllerHtmlUnitTest]: class path resource [sample/web/UserVehicleControllerHtmlUnitTest-context.xml] does not exist
19:45:15.548 [main] DEBUG org.springframework.test.context.support.AbstractContextLoader - Did not detect default resource location for test class [sample.web.UserVehicleControllerHtmlUnitTest]: class path resource [sample/web/UserVehicleControllerHtmlUnitTestContext.groovy] does not exist
19:45:15.548 [main] INFO org.springframework.test.context.support.AbstractContextLoader - Could not detect default resource locations for test class [sample.web.UserVehicleControllerHtmlUnitTest]: no resource found for suffixes {-context.xml, Context.groovy}.
19:45:15.549 [main] INFO org.springframework.test.context.support.AnnotationConfigContextLoaderUtils - Could not detect default configuration classes for test class [sample.web.UserVehicleControllerHtmlUnitTest]: UserVehicleControllerHtmlUnitTest does not declare any static, non-private, non-final, nested classes annotated with @Configuration.
19:45:15.559 [main] DEBUG org.springframework.test.context.support.ActiveProfilesUtils - Could not find an 'annotation declaring class' for annotation type [org.springframework.test.context.ActiveProfiles] and class [sample.web.UserVehicleControllerHtmlUnitTest]
19:45:15.560 [main] DEBUG org.springframework.core.env.StandardEnvironment - Adding [systemProperties] PropertySource with lowest search precedence
19:45:15.560 [main] DEBUG org.springframework.core.env.StandardEnvironment - Adding [systemEnvironment] PropertySource with lowest search precedence
19:45:15.560 [main] DEBUG org.springframework.core.env.StandardEnvironment - Initialized StandardEnvironment with PropertySources [systemProperties,systemEnvironment]
19:45:15.560 [main] INFO org.springframework.boot.test.context.SpringBootTestContextBootstrapper - Found @SpringBootConfiguration sample.Application for test class sample.web.UserVehicleControllerHtmlUnitTest
19:45:15.561 [main] DEBUG org.springframework.boot.test.autoconfigure.web.servlet.WebMvcTestContextBootstrapper - @TestExecutionListeners is not present for class [sample.web.UserVehicleControllerHtmlUnitTest]: using defaults.
19:45:15.576 [main] INFO org.springframework.boot.test.autoconfigure.web.servlet.WebMvcTestContextBootstrapper - Loaded default TestExecutionListener class names from location [META-INF/spring.factories]: [org.springframework.boot.test.mock.mockito.MockitoTestExecutionListener, org.springframework.boot.test.mock.mockito.ResetMocksTestExecutionListener, org.springframework.boot.test.autoconfigure.restdocs.RestDocsTestExecutionListener, org.springframework.boot.test.autoconfigure.web.client.MockRestServiceServerResetTestExecutionListener, org.springframework.boot.test.autoconfigure.web.servlet.MockMvcPrintOnlyOnFailureTestExecutionListener, org.springframework.boot.test.autoconfigure.web.servlet.WebDriverTestExecutionListener, org.springframework.test.context.web.ServletTestExecutionListener, org.springframework.test.context.support.DirtiesContextBeforeModesTestExecutionListener, org.springframework.test.context.support.DependencyInjectionTestExecutionListener, org.springframework.test.context.support.DirtiesContextTestExecutionListener, org.springframework.test.context.transaction.TransactionalTestExecutionListener, org.springframework.test.context.jdbc.SqlScriptsTestExecutionListener]
19:45:15.579 [main] INFO org.springframework.boot.test.autoconfigure.web.servlet.WebMvcTestContextBootstrapper - Using TestExecutionListeners: [org.springframework.test.context.web.ServletTestExecutionListener@dd0c991, org.springframework.test.context.support.DirtiesContextBeforeModesTestExecutionListener@5f16132a, org.springframework.boot.test.autoconfigure.SpringBootDependencyInjectionTestExecutionListener@69fb6037, org.springframework.test.context.support.DirtiesContextTestExecutionListener@36d585c, org.springframework.test.context.transaction.TransactionalTestExecutionListener@87a85e1, org.springframework.test.context.jdbc.SqlScriptsTestExecutionListener@671a5887, org.springframework.boot.test.autoconfigure.restdocs.RestDocsTestExecutionListener@5552768b, org.springframework.boot.test.autoconfigure.web.servlet.WebDriverTestExecutionListener@3c947bc5, org.springframework.boot.test.mock.mockito.ResetMocksTestExecutionListener@609db43b, org.springframework.boot.test.autoconfigure.web.servlet.MockMvcPrintOnlyOnFailureTestExecutionListener@55f616cf, org.springframework.boot.test.autoconfigure.web.client.MockRestServiceServerResetTestExecutionListener@1356d4d4, org.springframework.boot.test.mock.mockito.MockitoTestExecutionListener@c03cf28]
19:45:15.582 [main] DEBUG org.springframework.test.context.junit4.SpringJUnit4ClassRunner - SpringJUnit4ClassRunner constructor called with [class sample.web.UserVehicleControllerSeleniumTest]
19:45:15.582 [main] DEBUG org.springframework.test.context.BootstrapUtils - Instantiating CacheAwareContextLoaderDelegate from class [org.springframework.test.context.cache.DefaultCacheAwareContextLoaderDelegate]
19:45:15.582 [main] DEBUG org.springframework.test.context.BootstrapUtils - Instantiating BootstrapContext using constructor [public org.springframework.test.context.support.DefaultBootstrapContext(java.lang.Class,org.springframework.test.context.CacheAwareContextLoaderDelegate)]
19:45:15.583 [main] DEBUG org.springframework.test.context.BootstrapUtils - Instantiating TestContextBootstrapper for test class [sample.web.UserVehicleControllerSeleniumTest] from class [org.springframework.boot.test.autoconfigure.web.servlet.WebMvcTestContextBootstrapper]
19:45:15.583 [main] INFO org.springframework.boot.test.autoconfigure.web.servlet.WebMvcTestContextBootstrapper - Neither @ContextConfiguration nor @ContextHierarchy found for test class [sample.web.UserVehicleControllerSeleniumTest], using SpringBootContextLoader
19:45:15.584 [main] DEBUG org.springframework.test.context.support.AbstractContextLoader - Did not detect default resource location for test class [sample.web.UserVehicleControllerSeleniumTest]: class path resource [sample/web/UserVehicleControllerSeleniumTest-context.xml] does not exist
19:45:15.585 [main] DEBUG org.springframework.test.context.support.AbstractContextLoader - Did not detect default resource location for test class [sample.web.UserVehicleControllerSeleniumTest]: class path resource [sample/web/UserVehicleControllerSeleniumTestContext.groovy] does not exist
19:45:15.585 [main] INFO org.springframework.test.context.support.AbstractContextLoader - Could not detect default resource locations for test class [sample.web.UserVehicleControllerSeleniumTest]: no resource found for suffixes {-context.xml, Context.groovy}.
19:45:15.585 [main] INFO org.springframework.test.context.support.AnnotationConfigContextLoaderUtils - Could not detect default configuration classes for test class [sample.web.UserVehicleControllerSeleniumTest]: UserVehicleControllerSeleniumTest does not declare any static, non-private, non-final, nested classes annotated with @Configuration.
19:45:15.592 [main] DEBUG org.springframework.test.context.support.ActiveProfilesUtils - Could not find an 'annotation declaring class' for annotation type [org.springframework.test.context.ActiveProfiles] and class [sample.web.UserVehicleControllerSeleniumTest]
19:45:15.593 [main] DEBUG org.springframework.core.env.StandardEnvironment - Adding [systemProperties] PropertySource with lowest search precedence
19:45:15.594 [main] DEBUG org.springframework.core.env.StandardEnvironment - Adding [systemEnvironment] PropertySource with lowest search precedence
19:45:15.594 [main] DEBUG org.springframework.core.env.StandardEnvironment - Initialized StandardEnvironment with PropertySources [systemProperties,systemEnvironment]
19:45:15.594 [main] INFO org.springframework.boot.test.context.SpringBootTestContextBootstrapper - Found @SpringBootConfiguration sample.Application for test class sample.web.UserVehicleControllerSeleniumTest
19:45:15.596 [main] DEBUG org.springframework.boot.test.autoconfigure.web.servlet.WebMvcTestContextBootstrapper - @TestExecutionListeners is not present for class [sample.web.UserVehicleControllerSeleniumTest]: using defaults.
19:45:15.599 [main] INFO org.springframework.boot.test.autoconfigure.web.servlet.WebMvcTestContextBootstrapper - Loaded default TestExecutionListener class names from location [META-INF/spring.factories]: [org.springframework.boot.test.mock.mockito.MockitoTestExecutionListener, org.springframework.boot.test.mock.mockito.ResetMocksTestExecutionListener, org.springframework.boot.test.autoconfigure.restdocs.RestDocsTestExecutionListener, org.springframework.boot.test.autoconfigure.web.client.MockRestServiceServerResetTestExecutionListener, org.springframework.boot.test.autoconfigure.web.servlet.MockMvcPrintOnlyOnFailureTestExecutionListener, org.springframework.boot.test.autoconfigure.web.servlet.WebDriverTestExecutionListener, org.springframework.test.context.web.ServletTestExecutionListener, org.springframework.test.context.support.DirtiesContextBeforeModesTestExecutionListener, org.springframework.test.context.support.DependencyInjectionTestExecutionListener, org.springframework.test.context.support.DirtiesContextTestExecutionListener, org.springframework.test.context.transaction.TransactionalTestExecutionListener, org.springframework.test.context.jdbc.SqlScriptsTestExecutionListener]
19:45:15.603 [main] INFO org.springframework.boot.test.autoconfigure.web.servlet.WebMvcTestContextBootstrapper - Using TestExecutionListeners: [org.springframework.test.context.web.ServletTestExecutionListener@2e222612, org.springframework.test.context.support.DirtiesContextBeforeModesTestExecutionListener@61386958, org.springframework.boot.test.autoconfigure.SpringBootDependencyInjectionTestExecutionListener@73ee04c8, org.springframework.test.context.support.DirtiesContextTestExecutionListener@7671cb68, org.springframework.test.context.transaction.TransactionalTestExecutionListener@49dc7102, org.springframework.test.context.jdbc.SqlScriptsTestExecutionListener@6b8ca3c8, org.springframework.boot.test.autoconfigure.restdocs.RestDocsTestExecutionListener@68c72235, org.springframework.boot.test.autoconfigure.web.servlet.WebDriverTestExecutionListener@10959ece, org.springframework.boot.test.mock.mockito.ResetMocksTestExecutionListener@3a6bb9bf, org.springframework.boot.test.autoconfigure.web.servlet.MockMvcPrintOnlyOnFailureTestExecutionListener@34f7cfd9, org.springframework.boot.test.autoconfigure.web.client.MockRestServiceServerResetTestExecutionListener@65f095f8, org.springframework.boot.test.mock.mockito.MockitoTestExecutionListener@59af0466]
19:45:15.604 [main] DEBUG org.springframework.test.context.junit4.SpringJUnit4ClassRunner - SpringJUnit4ClassRunner constructor called with [class sample.web.UserVehicleControllerTest]
19:45:15.604 [main] DEBUG org.springframework.test.context.BootstrapUtils - Instantiating CacheAwareContextLoaderDelegate from class [org.springframework.test.context.cache.DefaultCacheAwareContextLoaderDelegate]
19:45:15.604 [main] DEBUG org.springframework.test.context.BootstrapUtils - Instantiating BootstrapContext using constructor [public org.springframework.test.context.support.DefaultBootstrapContext(java.lang.Class,org.springframework.test.context.CacheAwareContextLoaderDelegate)]
19:45:15.604 [main] DEBUG org.springframework.test.context.BootstrapUtils - Instantiating TestContextBootstrapper for test class [sample.web.UserVehicleControllerTest] from class [org.springframework.boot.test.autoconfigure.web.servlet.WebMvcTestContextBootstrapper]
19:45:15.604 [main] INFO org.springframework.boot.test.autoconfigure.web.servlet.WebMvcTestContextBootstrapper - Neither @ContextConfiguration nor @ContextHierarchy found for test class [sample.web.UserVehicleControllerTest], using SpringBootContextLoader
19:45:15.605 [main] DEBUG org.springframework.test.context.support.AbstractContextLoader - Did not detect default resource location for test class [sample.web.UserVehicleControllerTest]: class path resource [sample/web/UserVehicleControllerTest-context.xml] does not exist
19:45:15.606 [main] DEBUG org.springframework.test.context.support.AbstractContextLoader - Did not detect default resource location for test class [sample.web.UserVehicleControllerTest]: class path resource [sample/web/UserVehicleControllerTestContext.groovy] does not exist
19:45:15.606 [main] INFO org.springframework.test.context.support.AbstractContextLoader - Could not detect default resource locations for test class [sample.web.UserVehicleControllerTest]: no resource found for suffixes {-context.xml, Context.groovy}.
19:45:15.606 [main] INFO org.springframework.test.context.support.AnnotationConfigContextLoaderUtils - Could not detect default configuration classes for test class [sample.web.UserVehicleControllerTest]: UserVehicleControllerTest does not declare any static, non-private, non-final, nested classes annotated with @Configuration.
19:45:15.613 [main] DEBUG org.springframework.test.context.support.ActiveProfilesUtils - Could not find an 'annotation declaring class' for annotation type [org.springframework.test.context.ActiveProfiles] and class [sample.web.UserVehicleControllerTest]
19:45:15.614 [main] DEBUG org.springframework.core.env.StandardEnvironment - Adding [systemProperties] PropertySource with lowest search precedence
19:45:15.614 [main] DEBUG org.springframework.core.env.StandardEnvironment - Adding [systemEnvironment] PropertySource with lowest search precedence
19:45:15.614 [main] DEBUG org.springframework.core.env.StandardEnvironment - Initialized StandardEnvironment with PropertySources [systemProperties,systemEnvironment]
19:45:15.614 [main] INFO org.springframework.boot.test.context.SpringBootTestContextBootstrapper - Found @SpringBootConfiguration sample.Application for test class sample.web.UserVehicleControllerTest
19:45:15.615 [main] DEBUG org.springframework.boot.test.autoconfigure.web.servlet.WebMvcTestContextBootstrapper - @TestExecutionListeners is not present for class [sample.web.UserVehicleControllerTest]: using defaults.
19:45:15.622 [main] INFO org.springframework.boot.test.autoconfigure.web.servlet.WebMvcTestContextBootstrapper - Loaded default TestExecutionListener class names from location [META-INF/spring.factories]: [org.springframework.boot.test.mock.mockito.MockitoTestExecutionListener, org.springframework.boot.test.mock.mockito.ResetMocksTestExecutionListener, org.springframework.boot.test.autoconfigure.restdocs.RestDocsTestExecutionListener, org.springframework.boot.test.autoconfigure.web.client.MockRestServiceServerResetTestExecutionListener, org.springframework.boot.test.autoconfigure.web.servlet.MockMvcPrintOnlyOnFailureTestExecutionListener, org.springframework.boot.test.autoconfigure.web.servlet.WebDriverTestExecutionListener, org.springframework.test.context.web.ServletTestExecutionListener, org.springframework.test.context.support.DirtiesContextBeforeModesTestExecutionListener, org.springframework.test.context.support.DependencyInjectionTestExecutionListener, org.springframework.test.context.support.DirtiesContextTestExecutionListener, org.springframework.test.context.transaction.TransactionalTestExecutionListener, org.springframework.test.context.jdbc.SqlScriptsTestExecutionListener]
19:45:15.625 [main] INFO org.springframework.boot.test.autoconfigure.web.servlet.WebMvcTestContextBootstrapper - Using TestExecutionListeners: [org.springframework.test.context.web.ServletTestExecutionListener@702b8b12, org.springframework.test.context.support.DirtiesContextBeforeModesTestExecutionListener@22e357dc, org.springframework.boot.test.autoconfigure.SpringBootDependencyInjectionTestExecutionListener@49912c99, org.springframework.test.context.support.DirtiesContextTestExecutionListener@10163d6, org.springframework.test.context.transaction.TransactionalTestExecutionListener@2dde1bff, org.springframework.test.context.jdbc.SqlScriptsTestExecutionListener@15bbf42f, org.springframework.boot.test.autoconfigure.restdocs.RestDocsTestExecutionListener@550ee7e5, org.springframework.boot.test.autoconfigure.web.servlet.WebDriverTestExecutionListener@5f9b2141, org.springframework.boot.test.mock.mockito.ResetMocksTestExecutionListener@247d8ae, org.springframework.boot.test.autoconfigure.web.servlet.MockMvcPrintOnlyOnFailureTestExecutionListener@48974e45, org.springframework.boot.test.autoconfigure.web.client.MockRestServiceServerResetTestExecutionListener@6a84a97d, org.springframework.boot.test.mock.mockito.MockitoTestExecutionListener@6c130c45]
19:45:15.631 [main] DEBUG org.springframework.test.annotation.ProfileValueUtils - Retrieved @ProfileValueSourceConfiguration [null] for test class [sample.ApplicationIntegrationTest]
19:45:15.631 [main] DEBUG org.springframework.test.annotation.ProfileValueUtils - Retrieved ProfileValueSource type [class org.springframework.test.annotation.SystemProfileValueSource] for class [sample.ApplicationIntegrationTest]
19:45:15.632 [main] DEBUG org.springframework.test.annotation.ProfileValueUtils - Retrieved @ProfileValueSourceConfiguration [null] for test class [sample.domain.UserEntityTest]
19:45:15.632 [main] DEBUG org.springframework.test.annotation.ProfileValueUtils - Retrieved ProfileValueSource type [class org.springframework.test.annotation.SystemProfileValueSource] for class [sample.domain.UserEntityTest]
19:45:15.632 [main] DEBUG org.springframework.test.annotation.ProfileValueUtils - Retrieved @ProfileValueSourceConfiguration [null] for test class [sample.domain.UserRepositoryTest]
19:45:15.632 [main] DEBUG org.springframework.test.annotation.ProfileValueUtils - Retrieved ProfileValueSource type [class org.springframework.test.annotation.SystemProfileValueSource] for class [sample.domain.UserRepositoryTest]
19:45:15.633 [main] DEBUG org.springframework.test.annotation.ProfileValueUtils - Retrieved @ProfileValueSourceConfiguration [null] for test class [sample.service.RemoteVehicleDetailsServiceTest]
19:45:15.633 [main] DEBUG org.springframework.test.annotation.ProfileValueUtils - Retrieved ProfileValueSource type [class org.springframework.test.annotation.SystemProfileValueSource] for class [sample.service.RemoteVehicleDetailsServiceTest]
19:45:15.633 [main] DEBUG org.springframework.test.annotation.ProfileValueUtils - Retrieved @ProfileValueSourceConfiguration [null] for test class [sample.service.VehicleDetailsJsonTest]
19:45:15.633 [main] DEBUG org.springframework.test.annotation.ProfileValueUtils - Retrieved ProfileValueSource type [class org.springframework.test.annotation.SystemProfileValueSource] for class [sample.service.VehicleDetailsJsonTest]
19:45:15.633 [main] DEBUG org.springframework.test.annotation.ProfileValueUtils - Retrieved @ProfileValueSourceConfiguration [null] for test class [sample.web.UserVehicleControllerApplicationTest]
19:45:15.633 [main] DEBUG org.springframework.test.annotation.ProfileValueUtils - Retrieved ProfileValueSource type [class org.springframework.test.annotation.SystemProfileValueSource] for class [sample.web.UserVehicleControllerApplicationTest]
19:45:15.634 [main] DEBUG org.springframework.test.annotation.ProfileValueUtils - Retrieved @ProfileValueSourceConfiguration [null] for test class [sample.web.UserVehicleControllerHtmlUnitTest]
19:45:15.634 [main] DEBUG org.springframework.test.annotation.ProfileValueUtils - Retrieved ProfileValueSource type [class org.springframework.test.annotation.SystemProfileValueSource] for class [sample.web.UserVehicleControllerHtmlUnitTest]
19:45:15.634 [main] DEBUG org.springframework.test.annotation.ProfileValueUtils - Retrieved @ProfileValueSourceConfiguration [null] for test class [sample.web.UserVehicleControllerSeleniumTest]
19:45:15.634 [main] DEBUG org.springframework.test.annotation.ProfileValueUtils - Retrieved ProfileValueSource type [class org.springframework.test.annotation.SystemProfileValueSource] for class [sample.web.UserVehicleControllerSeleniumTest]
19:45:15.634 [main] DEBUG org.springframework.test.annotation.ProfileValueUtils - Retrieved @ProfileValueSourceConfiguration [null] for test class [sample.web.UserVehicleControllerTest]
19:45:15.634 [main] DEBUG org.springframework.test.annotation.ProfileValueUtils - Retrieved ProfileValueSource type [class org.springframework.test.annotation.SystemProfileValueSource] for class [sample.web.UserVehicleControllerTest]
Running sample.ApplicationIntegrationTest
19:45:15.638 [main] DEBUG org.springframework.test.context.junit4.SpringJUnit4ClassRunner - SpringJUnit4ClassRunner constructor called with [class sample.ApplicationIntegrationTest]
19:45:15.638 [main] DEBUG org.springframework.test.context.BootstrapUtils - Instantiating CacheAwareContextLoaderDelegate from class [org.springframework.test.context.cache.DefaultCacheAwareContextLoaderDelegate]
19:45:15.638 [main] DEBUG org.springframework.test.context.BootstrapUtils - Instantiating BootstrapContext using constructor [public org.springframework.test.context.support.DefaultBootstrapContext(java.lang.Class,org.springframework.test.context.CacheAwareContextLoaderDelegate)]
19:45:15.638 [main] DEBUG org.springframework.test.context.BootstrapUtils - Instantiating TestContextBootstrapper for test class [sample.ApplicationIntegrationTest] from class [org.springframework.boot.test.context.SpringBootTestContextBootstrapper]
19:45:15.639 [main] INFO org.springframework.boot.test.context.SpringBootTestContextBootstrapper - Neither @ContextConfiguration nor @ContextHierarchy found for test class [sample.ApplicationIntegrationTest], using SpringBootContextLoader
19:45:15.639 [main] DEBUG org.springframework.test.context.support.AbstractContextLoader - Did not detect default resource location for test class [sample.ApplicationIntegrationTest]: class path resource [sample/ApplicationIntegrationTest-context.xml] does not exist
19:45:15.640 [main] DEBUG org.springframework.test.context.support.AbstractContextLoader - Did not detect default resource location for test class [sample.ApplicationIntegrationTest]: class path resource [sample/ApplicationIntegrationTestContext.groovy] does not exist
19:45:15.640 [main] INFO org.springframework.test.context.support.AbstractContextLoader - Could not detect default resource locations for test class [sample.ApplicationIntegrationTest]: no resource found for suffixes {-context.xml, Context.groovy}.
19:45:15.640 [main] INFO org.springframework.test.context.support.AnnotationConfigContextLoaderUtils - Could not detect default configuration classes for test class [sample.ApplicationIntegrationTest]: ApplicationIntegrationTest does not declare any static, non-private, non-final, nested classes annotated with @Configuration.
19:45:15.646 [main] DEBUG org.springframework.test.context.support.ActiveProfilesUtils - Could not find an 'annotation declaring class' for annotation type [org.springframework.test.context.ActiveProfiles] and class [sample.ApplicationIntegrationTest]
19:45:15.646 [main] DEBUG org.springframework.core.env.StandardEnvironment - Adding [systemProperties] PropertySource with lowest search precedence
19:45:15.646 [main] DEBUG org.springframework.core.env.StandardEnvironment - Adding [systemEnvironment] PropertySource with lowest search precedence
19:45:15.647 [main] DEBUG org.springframework.core.env.StandardEnvironment - Initialized StandardEnvironment with PropertySources [systemProperties,systemEnvironment]
19:45:15.647 [main] INFO org.springframework.boot.test.context.SpringBootTestContextBootstrapper - Found @SpringBootConfiguration sample.Application for test class sample.ApplicationIntegrationTest
19:45:15.647 [main] DEBUG org.springframework.boot.test.context.SpringBootTestContextBootstrapper - @TestExecutionListeners is not present for class [sample.ApplicationIntegrationTest]: using defaults.
19:45:15.650 [main] INFO org.springframework.boot.test.context.SpringBootTestContextBootstrapper - Loaded default TestExecutionListener class names from location [META-INF/spring.factories]: [org.springframework.boot.test.mock.mockito.MockitoTestExecutionListener, org.springframework.boot.test.mock.mockito.ResetMocksTestExecutionListener, org.springframework.boot.test.autoconfigure.restdocs.RestDocsTestExecutionListener, org.springframework.boot.test.autoconfigure.web.client.MockRestServiceServerResetTestExecutionListener, org.springframework.boot.test.autoconfigure.web.servlet.MockMvcPrintOnlyOnFailureTestExecutionListener, org.springframework.boot.test.autoconfigure.web.servlet.WebDriverTestExecutionListener, org.springframework.test.context.web.ServletTestExecutionListener, org.springframework.test.context.support.DirtiesContextBeforeModesTestExecutionListener, org.springframework.test.context.support.DependencyInjectionTestExecutionListener, org.springframework.test.context.support.DirtiesContextTestExecutionListener, org.springframework.test.context.transaction.TransactionalTestExecutionListener, org.springframework.test.context.jdbc.SqlScriptsTestExecutionListener]
19:45:15.652 [main] INFO org.springframework.boot.test.context.SpringBootTestContextBootstrapper - Using TestExecutionListeners: [org.springframework.test.context.web.ServletTestExecutionListener@7133da86, org.springframework.test.context.support.DirtiesContextBeforeModesTestExecutionListener@3232a28a, org.springframework.boot.test.autoconfigure.SpringBootDependencyInjectionTestExecutionListener@73e22a3d, org.springframework.test.context.support.DirtiesContextTestExecutionListener@47faa49c, org.springframework.test.context.transaction.TransactionalTestExecutionListener@28f2a10f, org.springframework.test.context.jdbc.SqlScriptsTestExecutionListener@f736069, org.springframework.boot.test.autoconfigure.restdocs.RestDocsTestExecutionListener@6da21078, org.springframework.boot.test.autoconfigure.web.servlet.WebDriverTestExecutionListener@7fee8714, org.springframework.boot.test.mock.mockito.ResetMocksTestExecutionListener@4229bb3f, org.springframework.boot.test.autoconfigure.web.servlet.MockMvcPrintOnlyOnFailureTestExecutionListener@56cdfb3b, org.springframework.boot.test.autoconfigure.web.client.MockRestServiceServerResetTestExecutionListener@2b91004a, org.springframework.boot.test.mock.mockito.MockitoTestExecutionListener@20ccf40b]
19:45:15.653 [main] DEBUG org.springframework.test.annotation.ProfileValueUtils - Retrieved @ProfileValueSourceConfiguration [null] for test class [sample.ApplicationIntegrationTest]
19:45:15.653 [main] DEBUG org.springframework.test.annotation.ProfileValueUtils - Retrieved ProfileValueSource type [class org.springframework.test.annotation.SystemProfileValueSource] for class [sample.ApplicationIntegrationTest]
19:45:15.654 [main] DEBUG org.springframework.test.annotation.ProfileValueUtils - Retrieved @ProfileValueSourceConfiguration [null] for test class [sample.ApplicationIntegrationTest]
19:45:15.654 [main] DEBUG org.springframework.test.annotation.ProfileValueUtils - Retrieved ProfileValueSource type [class org.springframework.test.annotation.SystemProfileValueSource] for class [sample.ApplicationIntegrationTest]
19:45:15.655 [main] DEBUG org.springframework.test.context.support.AbstractDirtiesContextTestExecutionListener - Before test class: context [DefaultTestContext@6283d8b8 testClass = ApplicationIntegrationTest, testInstance = [null], testMethod = [null], testException = [null], mergedContextConfiguration = [WebMergedContextConfiguration@3b6ddd1d testClass = ApplicationIntegrationTest, locations = '{}', classes = '{class sample.Application}', contextInitializerClasses = '[]', activeProfiles = '{}', propertySourceLocations = '{}', propertySourceProperties = '{org.springframework.boot.test.context.SpringBootTestContextBootstrapper=true, server.port=0}', contextCustomizers = set[org.springframework.boot.test.context.ImportsContextCustomizer@3f3cde6c, org.springframework.boot.test.context.SpringBootTestContextCustomizer@4c762604, org.springframework.boot.test.context.filter.ExcludeFilterContextCustomizer@704921a5, org.springframework.boot.test.mock.mockito.MockitoContextCustomizer@f732365, org.springframework.boot.test.autoconfigure.properties.PropertyMappingContextCustomizer@76bead7, org.springframework.boot.test.autoconfigure.web.servlet.WebDriverContextCustomizerFactory$Customizer@17baae6e], resourceBasePath = 'src/main/webapp', contextLoader = 'org.springframework.boot.test.context.SpringBootContextLoader', parent = [null]]], class annotated with @DirtiesContext [false] with mode [null].
19:45:15.656 [main] DEBUG org.springframework.test.annotation.ProfileValueUtils - Retrieved @ProfileValueSourceConfiguration [null] for test class [sample.ApplicationIntegrationTest]
19:45:15.656 [main] DEBUG org.springframework.test.annotation.ProfileValueUtils - Retrieved ProfileValueSource type [class org.springframework.test.annotation.SystemProfileValueSource] for class [sample.ApplicationIntegrationTest]
19:45:15.658 [main] DEBUG org.springframework.test.context.support.DependencyInjectionTestExecutionListener - Performing dependency injection for test context [[DefaultTestContext@6283d8b8 testClass = ApplicationIntegrationTest, testInstance = sample.ApplicationIntegrationTest@7e7be63f, testMethod = [null], testException = [null], mergedContextConfiguration = [WebMergedContextConfiguration@3b6ddd1d testClass = ApplicationIntegrationTest, locations = '{}', classes = '{class sample.Application}', contextInitializerClasses = '[]', activeProfiles = '{}', propertySourceLocations = '{}', propertySourceProperties = '{org.springframework.boot.test.context.SpringBootTestContextBootstrapper=true, server.port=0}', contextCustomizers = set[org.springframework.boot.test.context.ImportsContextCustomizer@3f3cde6c, org.springframework.boot.test.context.SpringBootTestContextCustomizer@4c762604, org.springframework.boot.test.context.filter.ExcludeFilterContextCustomizer@704921a5, org.springframework.boot.test.mock.mockito.MockitoContextCustomizer@f732365, org.springframework.boot.test.autoconfigure.properties.PropertyMappingContextCustomizer@76bead7, org.springframework.boot.test.autoconfigure.web.servlet.WebDriverContextCustomizerFactory$Customizer@17baae6e], resourceBasePath = 'src/main/webapp', contextLoader = 'org.springframework.boot.test.context.SpringBootContextLoader', parent = [null]]]].
19:45:15.693 [main] DEBUG org.springframework.core.env.StandardEnvironment - Adding [systemProperties] PropertySource with lowest search precedence
19:45:15.693 [main] DEBUG org.springframework.core.env.StandardEnvironment - Adding [systemEnvironment] PropertySource with lowest search precedence
19:45:15.693 [main] DEBUG org.springframework.core.env.StandardEnvironment - Initialized StandardEnvironment with PropertySources [systemProperties,systemEnvironment]
19:45:15.694 [main] DEBUG org.springframework.test.context.support.TestPropertySourceUtils - Adding inlined properties to environment: {spring.jmx.enabled=false, org.springframework.boot.test.context.SpringBootTestContextBootstrapper=true, server.port=0}
19:45:15.695 [main] DEBUG org.springframework.core.env.StandardEnvironment - Adding [Inlined Test Properties] PropertySource with highest search precedence

  .   ____          _            __ _ _
 /\\ / ___'_ __ _ _(_)_ __  __ _ \ \ \ \
( ( )\___ | '_ | '_| | '_ \/ _` | \ \ \ \
 \\/  ___)| |_)| | | | | || (_| |  ) ) ) )
  '  |____| .__|_| |_|_| |_\__, | / / / /
 =========|_|==============|___/=/_/_/_/
 :: Spring Boot ::  (v1.4.1.BUILD-SNAPSHOT)

2017-11-09 19:45:16.322  INFO 13236 --- [           main] sample.ApplicationIntegrationTest        : Starting ApplicationIntegrationTest on cvazquezlos-PC with PID 13236 (started by c.vazquezlos in C:\Users\c.vazquezlos\Documents\GitHub\LOGANALYZER-SpringLogsGenerator)
2017-11-09 19:45:16.324  INFO 13236 --- [           main] sample.ApplicationIntegrationTest        : No active profile set, falling back to default profiles: default
2017-11-09 19:45:16.344  INFO 13236 --- [           main] ationConfigEmbeddedWebApplicationContext : Refreshing org.springframework.boot.context.embedded.AnnotationConfigEmbeddedWebApplicationContext@29ca3d04: startup date [Thu Nov 09 19:45:16 CET 2017]; root of context hierarchy
2017-11-09 19:45:18.031  INFO 13236 --- [           main] beddedDataSourceBeanFactoryPostProcessor : Replacing 'dataSource' DataSource bean with embedded version
2017-11-09 19:45:18.032  INFO 13236 --- [           main] o.s.b.f.s.DefaultListableBeanFactory     : Overriding bean definition for bean 'dataSource' with a different definition: replacing [Root bean: class [null]; scope=; abstract=false; lazyInit=false; autowireMode=3; dependencyCheck=0; autowireCandidate=true; primary=false; factoryBeanName=org.springframework.boot.autoconfigure.jdbc.DataSourceConfiguration$Tomcat; factoryMethodName=dataSource; initMethodName=null; destroyMethodName=(inferred); defined in class path resource [org/springframework/boot/autoconfigure/jdbc/DataSourceConfiguration$Tomcat.class]] with [Root bean: class [org.springframework.boot.test.autoconfigure.orm.jpa.TestDatabaseAutoConfiguration$EmbeddedDataSourceFactoryBean]; scope=; abstract=false; lazyInit=false; autowireMode=0; dependencyCheck=0; autowireCandidate=true; primary=false; factoryBeanName=null; factoryMethodName=null; initMethodName=null; destroyMethodName=null]
2017-11-09 19:45:18.034  WARN 13236 --- [           main] o.s.c.a.ConfigurationClassPostProcessor  : Cannot enhance @Configuration bean definition 'embeddedDataSourceBeanFactoryPostProcessor' since its singleton instance has been created too early. The typical cause is a non-static @Bean method with a BeanDefinitionRegistryPostProcessor return type: Consider declaring such methods as 'static'.
2017-11-09 19:45:18.600  INFO 13236 --- [           main] trationDelegate$BeanPostProcessorChecker : Bean 'org.springframework.transaction.annotation.ProxyTransactionManagementConfiguration' of type [class org.springframework.transaction.annotation.ProxyTransactionManagementConfiguration$$EnhancerBySpringCGLIB$$26c31227] is not eligible for getting processed by all BeanPostProcessors (for example: not eligible for auto-proxying)
2017-11-09 19:45:19.344  INFO 13236 --- [           main] s.b.c.e.t.TomcatEmbeddedServletContainer : Tomcat initialized with port(s): 0 (http)
2017-11-09 19:45:19.359  INFO 13236 --- [           main] o.apache.catalina.core.StandardService   : Starting service Tomcat
2017-11-09 19:45:19.361  INFO 13236 --- [           main] org.apache.catalina.core.StandardEngine  : Starting Servlet Engine: Apache Tomcat/8.5.5
2017-11-09 19:45:19.529  INFO 13236 --- [ost-startStop-1] o.a.c.c.C.[Tomcat].[localhost].[/]       : Initializing Spring embedded WebApplicationContext
2017-11-09 19:45:19.530  INFO 13236 --- [ost-startStop-1] o.s.web.context.ContextLoader            : Root WebApplicationContext: initialization completed in 3189 ms
2017-11-09 19:45:19.832  INFO 13236 --- [ost-startStop-1] o.s.b.w.servlet.ServletRegistrationBean  : Mapping servlet: 'dispatcherServlet' to [/]
2017-11-09 19:45:19.837  INFO 13236 --- [ost-startStop-1] o.s.b.w.servlet.FilterRegistrationBean   : Mapping filter: 'characterEncodingFilter' to: [/*]
2017-11-09 19:45:19.837  INFO 13236 --- [ost-startStop-1] o.s.b.w.servlet.FilterRegistrationBean   : Mapping filter: 'hiddenHttpMethodFilter' to: [/*]
2017-11-09 19:45:19.837  INFO 13236 --- [ost-startStop-1] o.s.b.w.servlet.FilterRegistrationBean   : Mapping filter: 'httpPutFormContentFilter' to: [/*]
2017-11-09 19:45:19.837  INFO 13236 --- [ost-startStop-1] o.s.b.w.servlet.FilterRegistrationBean   : Mapping filter: 'requestContextFilter' to: [/*]
2017-11-09 19:45:19.893  INFO 13236 --- [           main] o.s.j.d.e.EmbeddedDatabaseFactory        : Starting embedded database: url='jdbc:h2:mem:testdb;DB_CLOSE_DELAY=-1;DB_CLOSE_ON_EXIT=false', username='sa'
2017-11-09 19:45:20.279  INFO 13236 --- [           main] j.LocalContainerEntityManagerFactoryBean : Building JPA container EntityManagerFactory for persistence unit 'default'
2017-11-09 19:45:20.308  INFO 13236 --- [           main] o.hibernate.jpa.internal.util.LogHelper  : HHH000204: Processing PersistenceUnitInfo [
	name: default
	...]
2017-11-09 19:45:20.519  INFO 13236 --- [           main] org.hibernate.Version                    : HHH000412: Hibernate Core {5.0.11.Final}
2017-11-09 19:45:20.521  INFO 13236 --- [           main] org.hibernate.cfg.Environment            : HHH000206: hibernate.properties not found
2017-11-09 19:45:20.523  INFO 13236 --- [           main] org.hibernate.cfg.Environment            : HHH000021: Bytecode provider name : javassist
2017-11-09 19:45:20.590  INFO 13236 --- [           main] o.hibernate.annotations.common.Version   : HCANN000001: Hibernate Commons Annotations {5.0.1.Final}
2017-11-09 19:45:20.872  INFO 13236 --- [           main] org.hibernate.dialect.Dialect            : HHH000400: Using dialect: org.hibernate.dialect.H2Dialect
2017-11-09 19:45:21.156  WARN 13236 --- [           main] o.h.t.d.java.JavaTypeDescriptorRegistry  : Could not find matching type descriptor for requested Java class [sample.domain.VehicleIdentificationNumber]; using fallback
2017-11-09 19:45:21.493  INFO 13236 --- [           main] org.hibernate.tool.hbm2ddl.SchemaExport  : HHH000227: Running hbm2ddl schema export
2017-11-09 19:45:21.509  INFO 13236 --- [           main] org.hibernate.tool.hbm2ddl.SchemaExport  : HHH000230: Schema export complete
2017-11-09 19:45:21.565  INFO 13236 --- [           main] j.LocalContainerEntityManagerFactoryBean : Initialized JPA EntityManagerFactory for persistence unit 'default'
2017-11-09 19:45:22.332  INFO 13236 --- [           main] o.s.jdbc.datasource.init.ScriptUtils     : Executing SQL script from URL [file:/C:/Users/c.vazquezlos/Documents/GitHub/LOGANALYZER-SpringLogsGenerator/target/test-classes/data.sql]
2017-11-09 19:45:22.337  INFO 13236 --- [           main] o.s.jdbc.datasource.init.ScriptUtils     : Executed SQL script from URL [file:/C:/Users/c.vazquezlos/Documents/GitHub/LOGANALYZER-SpringLogsGenerator/target/test-classes/data.sql] in 5 ms.
2017-11-09 19:45:22.885  INFO 13236 --- [           main] s.w.s.m.m.a.RequestMappingHandlerAdapter : Looking for @ControllerAdvice: org.springframework.boot.context.embedded.AnnotationConfigEmbeddedWebApplicationContext@29ca3d04: startup date [Thu Nov 09 19:45:16 CET 2017]; root of context hierarchy
2017-11-09 19:45:22.985  INFO 13236 --- [           main] s.w.s.m.m.a.RequestMappingHandlerMapping : Mapped "{[/{username}/vehicle],methods=[GET],produces=[text/plain]}" onto public java.lang.String sample.web.UserVehicleController.getVehicleDetailsText(java.lang.String)
2017-11-09 19:45:22.986  INFO 13236 --- [           main] s.w.s.m.m.a.RequestMappingHandlerMapping : Mapped "{[/{username}/vehicle],methods=[GET],produces=[application/json]}" onto public sample.service.VehicleDetails sample.web.UserVehicleController.VehicleDetailsJson(java.lang.String)
2017-11-09 19:45:22.986  INFO 13236 --- [           main] s.w.s.m.m.a.RequestMappingHandlerMapping : Mapped "{[/{username}/vehicle.html],methods=[GET],produces=[text/html]}" onto public java.lang.String sample.web.UserVehicleController.VehicleDetailsHtml(java.lang.String)
2017-11-09 19:45:22.988  INFO 13236 --- [           main] s.w.s.m.m.a.RequestMappingHandlerMapping : Mapped "{[/error]}" onto public org.springframework.http.ResponseEntity<java.util.Map<java.lang.String, java.lang.Object>> org.springframework.boot.autoconfigure.web.BasicErrorController.error(javax.servlet.http.HttpServletRequest)
2017-11-09 19:45:22.988  INFO 13236 --- [           main] s.w.s.m.m.a.RequestMappingHandlerMapping : Mapped "{[/error],produces=[text/html]}" onto public org.springframework.web.servlet.ModelAndView org.springframework.boot.autoconfigure.web.BasicErrorController.errorHtml(javax.servlet.http.HttpServletRequest,javax.servlet.http.HttpServletResponse)
2017-11-09 19:45:23.030  INFO 13236 --- [           main] o.s.w.s.handler.SimpleUrlHandlerMapping  : Mapped URL path [/webjars/**] onto handler of type [class org.springframework.web.servlet.resource.ResourceHttpRequestHandler]
2017-11-09 19:45:23.031  INFO 13236 --- [           main] o.s.w.s.handler.SimpleUrlHandlerMapping  : Mapped URL path [/**] onto handler of type [class org.springframework.web.servlet.resource.ResourceHttpRequestHandler]
2017-11-09 19:45:23.099  INFO 13236 --- [           main] o.s.w.s.handler.SimpleUrlHandlerMapping  : Mapped URL path [/**/favicon.ico] onto handler of type [class org.springframework.web.servlet.resource.ResourceHttpRequestHandler]
2017-11-09 19:45:23.532  INFO 13236 --- [           main] s.b.c.e.t.TomcatEmbeddedServletContainer : Tomcat started on port(s): 44032 (http)
2017-11-09 19:45:23.537  INFO 13236 --- [           main] sample.ApplicationIntegrationTest        : Started ApplicationIntegrationTest in 7.839 seconds (JVM running for 9.141)
2017-11-09 19:45:23.713  INFO 13236 --- [o-auto-1-exec-1] o.a.c.c.C.[Tomcat].[localhost].[/]       : Initializing Spring FrameworkServlet 'dispatcherServlet'
2017-11-09 19:45:23.713  INFO 13236 --- [o-auto-1-exec-1] o.s.web.servlet.DispatcherServlet        : FrameworkServlet 'dispatcherServlet': initialization started
2017-11-09 19:45:23.748  INFO 13236 --- [o-auto-1-exec-1] o.s.web.servlet.DispatcherServlet        : FrameworkServlet 'dispatcherServlet': initialization completed in 34 ms
2017-11-09 19:45:23.858  INFO 13236 --- [o-auto-1-exec-1] o.h.h.i.QueryTranslatorFactoryInitiator  : HHH000397: Using ASTQueryTranslatorFactory
Tests run: 1, Failures: 0, Errors: 0, Skipped: 0, Time elapsed: 8.548 sec - in sample.ApplicationIntegrationTest
Running sample.domain.UserEntityTest
2017-11-09 19:45:24.186  INFO 13236 --- [           main] .b.t.c.SpringBootTestContextBootstrapper : Neither @ContextConfiguration nor @ContextHierarchy found for test class [sample.domain.UserEntityTest], using SpringBootContextLoader
2017-11-09 19:45:24.187  INFO 13236 --- [           main] o.s.t.c.support.AbstractContextLoader    : Could not detect default resource locations for test class [sample.domain.UserEntityTest]: no resource found for suffixes {-context.xml, Context.groovy}.
2017-11-09 19:45:24.187  INFO 13236 --- [           main] t.c.s.AnnotationConfigContextLoaderUtils : Could not detect default configuration classes for test class [sample.domain.UserEntityTest]: UserEntityTest does not declare any static, non-private, non-final, nested classes annotated with @Configuration.
2017-11-09 19:45:24.197  INFO 13236 --- [           main] .b.t.c.SpringBootTestContextBootstrapper : Found @SpringBootConfiguration sample.Application for test class sample.domain.UserEntityTest
2017-11-09 19:45:24.204  INFO 13236 --- [           main] .b.t.c.SpringBootTestContextBootstrapper : Loaded default TestExecutionListener class names from location [META-INF/spring.factories]: [org.springframework.boot.test.mock.mockito.MockitoTestExecutionListener, org.springframework.boot.test.mock.mockito.ResetMocksTestExecutionListener, org.springframework.boot.test.autoconfigure.restdocs.RestDocsTestExecutionListener, org.springframework.boot.test.autoconfigure.web.client.MockRestServiceServerResetTestExecutionListener, org.springframework.boot.test.autoconfigure.web.servlet.MockMvcPrintOnlyOnFailureTestExecutionListener, org.springframework.boot.test.autoconfigure.web.servlet.WebDriverTestExecutionListener, org.springframework.test.context.web.ServletTestExecutionListener, org.springframework.test.context.support.DirtiesContextBeforeModesTestExecutionListener, org.springframework.test.context.support.DependencyInjectionTestExecutionListener, org.springframework.test.context.support.DirtiesContextTestExecutionListener, org.springframework.test.context.transaction.TransactionalTestExecutionListener, org.springframework.test.context.jdbc.SqlScriptsTestExecutionListener]
2017-11-09 19:45:24.209  INFO 13236 --- [           main] .b.t.c.SpringBootTestContextBootstrapper : Using TestExecutionListeners: [org.springframework.test.context.web.ServletTestExecutionListener@6ad3fbe4, org.springframework.test.context.support.DirtiesContextBeforeModesTestExecutionListener@17189618, org.springframework.boot.test.autoconfigure.SpringBootDependencyInjectionTestExecutionListener@983050b, org.springframework.test.context.support.DirtiesContextTestExecutionListener@6aadb092, org.springframework.test.context.transaction.TransactionalTestExecutionListener@1f547af8, org.springframework.test.context.jdbc.SqlScriptsTestExecutionListener@4caf875c, org.springframework.boot.test.autoconfigure.restdocs.RestDocsTestExecutionListener@5d15789f, org.springframework.boot.test.autoconfigure.web.servlet.WebDriverTestExecutionListener@5abb7a8f, org.springframework.boot.test.mock.mockito.ResetMocksTestExecutionListener@6684589a, org.springframework.boot.test.autoconfigure.web.servlet.MockMvcPrintOnlyOnFailureTestExecutionListener@5621a671, org.springframework.boot.test.autoconfigure.web.client.MockRestServiceServerResetTestExecutionListener@2006fdaa, org.springframework.boot.test.mock.mockito.MockitoTestExecutionListener@21688427]

  .   ____          _            __ _ _
 /\\ / ___'_ __ _ _(_)_ __  __ _ \ \ \ \
( ( )\___ | '_ | '_| | '_ \/ _` | \ \ \ \
 \\/  ___)| |_)| | | | | || (_| |  ) ) ) )
  '  |____| .__|_| |_|_| |_\__, | / / / /
 =========|_|==============|___/=/_/_/_/
 :: Spring Boot ::  (v1.4.1.BUILD-SNAPSHOT)

2017-11-09 19:45:24.302  INFO 13236 --- [           main] sample.domain.UserEntityTest             : Starting UserEntityTest on cvazquezlos-PC with PID 13236 (started by c.vazquezlos in C:\Users\c.vazquezlos\Documents\GitHub\LOGANALYZER-SpringLogsGenerator)
2017-11-09 19:45:24.302  INFO 13236 --- [           main] sample.domain.UserEntityTest             : No active profile set, falling back to default profiles: default
2017-11-09 19:45:24.305  INFO 13236 --- [           main] s.c.a.AnnotationConfigApplicationContext : Refreshing org.springframework.context.annotation.AnnotationConfigApplicationContext@1071ae7c: startup date [Thu Nov 09 19:45:24 CET 2017]; root of context hierarchy
2017-11-09 19:45:24.698  INFO 13236 --- [           main] beddedDataSourceBeanFactoryPostProcessor : Replacing 'dataSource' DataSource bean with embedded version
2017-11-09 19:45:24.698  INFO 13236 --- [           main] o.s.b.f.s.DefaultListableBeanFactory     : Overriding bean definition for bean 'dataSource' with a different definition: replacing [Root bean: class [null]; scope=; abstract=false; lazyInit=false; autowireMode=3; dependencyCheck=0; autowireCandidate=true; primary=false; factoryBeanName=org.springframework.boot.autoconfigure.jdbc.DataSourceConfiguration$Tomcat; factoryMethodName=dataSource; initMethodName=null; destroyMethodName=(inferred); defined in class path resource [org/springframework/boot/autoconfigure/jdbc/DataSourceConfiguration$Tomcat.class]] with [Root bean: class [org.springframework.boot.test.autoconfigure.orm.jpa.TestDatabaseAutoConfiguration$EmbeddedDataSourceFactoryBean]; scope=; abstract=false; lazyInit=false; autowireMode=0; dependencyCheck=0; autowireCandidate=true; primary=false; factoryBeanName=null; factoryMethodName=null; initMethodName=null; destroyMethodName=null]
2017-11-09 19:45:24.698  WARN 13236 --- [           main] o.s.c.a.ConfigurationClassPostProcessor  : Cannot enhance @Configuration bean definition 'embeddedDataSourceBeanFactoryPostProcessor' since its singleton instance has been created too early. The typical cause is a non-static @Bean method with a BeanDefinitionRegistryPostProcessor return type: Consider declaring such methods as 'static'.
2017-11-09 19:45:24.746  INFO 13236 --- [           main] o.s.j.d.e.EmbeddedDatabaseFactory        : Starting embedded database: url='jdbc:h2:mem:testdb;DB_CLOSE_DELAY=-1;DB_CLOSE_ON_EXIT=false', username='sa'
2017-11-09 19:45:24.881  INFO 13236 --- [           main] j.LocalContainerEntityManagerFactoryBean : Building JPA container EntityManagerFactory for persistence unit 'default'
2017-11-09 19:45:24.881  INFO 13236 --- [           main] o.hibernate.jpa.internal.util.LogHelper  : HHH000204: Processing PersistenceUnitInfo [
	name: default
	...]
2017-11-09 19:45:24.959  INFO 13236 --- [           main] org.hibernate.dialect.Dialect            : HHH000400: Using dialect: org.hibernate.dialect.H2Dialect
2017-11-09 19:45:24.973  WARN 13236 --- [           main] o.h.t.d.java.JavaTypeDescriptorRegistry  : Could not find matching type descriptor for requested Java class [sample.domain.VehicleIdentificationNumber]; using fallback
2017-11-09 19:45:24.992  INFO 13236 --- [           main] org.hibernate.tool.hbm2ddl.SchemaExport  : HHH000227: Running hbm2ddl schema export
Hibernate: drop table user if exists
Hibernate: create table user (id bigint generated by default as identity, username varchar(255), vin varchar(255), primary key (id))
Hibernate: alter table user add constraint UK_sb8bbouer5wak8vyiiy4pf2bx unique (username)
2017-11-09 19:45:24.998  INFO 13236 --- [           main] org.hibernate.tool.hbm2ddl.SchemaExport  : HHH000230: Schema export complete
2017-11-09 19:45:25.000  WARN 13236 --- [           main] o.h.j.i.EntityManagerFactoryRegistry     : HHH000436: Entity manager factory name (default) is already registered.  If entity manager will be clustered or passivated, specify a unique value for property 'hibernate.ejb.entitymanager_factory_name'
2017-11-09 19:45:25.000  INFO 13236 --- [           main] j.LocalContainerEntityManagerFactoryBean : Initialized JPA EntityManagerFactory for persistence unit 'default'
2017-11-09 19:45:25.040  INFO 13236 --- [           main] o.s.jdbc.datasource.init.ScriptUtils     : Executing SQL script from URL [file:/C:/Users/c.vazquezlos/Documents/GitHub/LOGANALYZER-SpringLogsGenerator/target/test-classes/data.sql]
2017-11-09 19:45:25.042  INFO 13236 --- [           main] o.s.jdbc.datasource.init.ScriptUtils     : Executed SQL script from URL [file:/C:/Users/c.vazquezlos/Documents/GitHub/LOGANALYZER-SpringLogsGenerator/target/test-classes/data.sql] in 2 ms.
2017-11-09 19:45:25.157  INFO 13236 --- [           main] sample.domain.UserEntityTest             : Started UserEntityTest in 0.931 seconds (JVM running for 10.76)
2017-11-09 19:45:25.205  INFO 13236 --- [           main] o.s.t.c.transaction.TransactionContext   : Began transaction (1) for test context [DefaultTestContext@2911db81 testClass = UserEntityTest, testInstance = sample.domain.UserEntityTest@7fce1069, testMethod = createWhenVinIsNullShouldThrowException@UserEntityTest, testException = [null], mergedContextConfiguration = [MergedContextConfiguration@744db9fb testClass = UserEntityTest, locations = '{}', classes = '{class sample.Application}', contextInitializerClasses = '[]', activeProfiles = '{}', propertySourceLocations = '{}', propertySourceProperties = '{org.springframework.boot.test.context.SpringBootTestContextBootstrapper=true}', contextCustomizers = set[org.springframework.boot.test.context.ImportsContextCustomizer@58748638, org.springframework.boot.test.context.filter.ExcludeFilterContextCustomizer@704921a5, org.springframework.boot.test.mock.mockito.MockitoContextCustomizer@0, org.springframework.boot.test.autoconfigure.OverrideAutoConfigurationContextCustomizerFactory$DisableAutoConfigurationContextCustomizer@76508ed1, org.springframework.boot.test.autoconfigure.filter.TypeExcludeFiltersContextCustomizer@9353778, org.springframework.boot.test.autoconfigure.properties.PropertyMappingContextCustomizer@908e0dc6, org.springframework.boot.test.autoconfigure.web.servlet.WebDriverContextCustomizerFactory$Customizer@17baae6e], contextLoader = 'org.springframework.boot.test.context.SpringBootContextLoader', parent = [null]]]; transaction manager [org.springframework.orm.jpa.JpaTransactionManager@393e7546]; rollback [true]
2017-11-09 19:45:25.232  INFO 13236 --- [           main] o.s.t.c.transaction.TransactionContext   : Rolled back transaction for test context [DefaultTestContext@2911db81 testClass = UserEntityTest, testInstance = sample.domain.UserEntityTest@7fce1069, testMethod = createWhenVinIsNullShouldThrowException@UserEntityTest, testException = java.lang.IllegalArgumentException: VIN must not be null, mergedContextConfiguration = [MergedContextConfiguration@744db9fb testClass = UserEntityTest, locations = '{}', classes = '{class sample.Application}', contextInitializerClasses = '[]', activeProfiles = '{}', propertySourceLocations = '{}', propertySourceProperties = '{org.springframework.boot.test.context.SpringBootTestContextBootstrapper=true}', contextCustomizers = set[org.springframework.boot.test.context.ImportsContextCustomizer@58748638, org.springframework.boot.test.context.filter.ExcludeFilterContextCustomizer@704921a5, org.springframework.boot.test.mock.mockito.MockitoContextCustomizer@0, org.springframework.boot.test.autoconfigure.OverrideAutoConfigurationContextCustomizerFactory$DisableAutoConfigurationContextCustomizer@76508ed1, org.springframework.boot.test.autoconfigure.filter.TypeExcludeFiltersContextCustomizer@9353778, org.springframework.boot.test.autoconfigure.properties.PropertyMappingContextCustomizer@908e0dc6, org.springframework.boot.test.autoconfigure.web.servlet.WebDriverContextCustomizerFactory$Customizer@17baae6e], contextLoader = 'org.springframework.boot.test.context.SpringBootContextLoader', parent = [null]]].
2017-11-09 19:45:25.242  INFO 13236 --- [           main] o.s.t.c.transaction.TransactionContext   : Began transaction (1) for test context [DefaultTestContext@2911db81 testClass = UserEntityTest, testInstance = sample.domain.UserEntityTest@3fd6dfbc, testMethod = createWhenUsernameIsNullShouldThrowException@UserEntityTest, testException = [null], mergedContextConfiguration = [MergedContextConfiguration@744db9fb testClass = UserEntityTest, locations = '{}', classes = '{class sample.Application}', contextInitializerClasses = '[]', activeProfiles = '{}', propertySourceLocations = '{}', propertySourceProperties = '{org.springframework.boot.test.context.SpringBootTestContextBootstrapper=true}', contextCustomizers = set[org.springframework.boot.test.context.ImportsContextCustomizer@58748638, org.springframework.boot.test.context.filter.ExcludeFilterContextCustomizer@704921a5, org.springframework.boot.test.mock.mockito.MockitoContextCustomizer@0, org.springframework.boot.test.autoconfigure.OverrideAutoConfigurationContextCustomizerFactory$DisableAutoConfigurationContextCustomizer@76508ed1, org.springframework.boot.test.autoconfigure.filter.TypeExcludeFiltersContextCustomizer@9353778, org.springframework.boot.test.autoconfigure.properties.PropertyMappingContextCustomizer@908e0dc6, org.springframework.boot.test.autoconfigure.web.servlet.WebDriverContextCustomizerFactory$Customizer@17baae6e], contextLoader = 'org.springframework.boot.test.context.SpringBootContextLoader', parent = [null]]]; transaction manager [org.springframework.orm.jpa.JpaTransactionManager@393e7546]; rollback [true]
2017-11-09 19:45:25.246  INFO 13236 --- [           main] o.s.t.c.transaction.TransactionContext   : Rolled back transaction for test context [DefaultTestContext@2911db81 testClass = UserEntityTest, testInstance = sample.domain.UserEntityTest@3fd6dfbc, testMethod = createWhenUsernameIsNullShouldThrowException@UserEntityTest, testException = java.lang.IllegalArgumentException: Username must not be empty, mergedContextConfiguration = [MergedContextConfiguration@744db9fb testClass = UserEntityTest, locations = '{}', classes = '{class sample.Application}', contextInitializerClasses = '[]', activeProfiles = '{}', propertySourceLocations = '{}', propertySourceProperties = '{org.springframework.boot.test.context.SpringBootTestContextBootstrapper=true}', contextCustomizers = set[org.springframework.boot.test.context.ImportsContextCustomizer@58748638, org.springframework.boot.test.context.filter.ExcludeFilterContextCustomizer@704921a5, org.springframework.boot.test.mock.mockito.MockitoContextCustomizer@0, org.springframework.boot.test.autoconfigure.OverrideAutoConfigurationContextCustomizerFactory$DisableAutoConfigurationContextCustomizer@76508ed1, org.springframework.boot.test.autoconfigure.filter.TypeExcludeFiltersContextCustomizer@9353778, org.springframework.boot.test.autoconfigure.properties.PropertyMappingContextCustomizer@908e0dc6, org.springframework.boot.test.autoconfigure.web.servlet.WebDriverContextCustomizerFactory$Customizer@17baae6e], contextLoader = 'org.springframework.boot.test.context.SpringBootContextLoader', parent = [null]]].
2017-11-09 19:45:25.249  INFO 13236 --- [           main] o.s.t.c.transaction.TransactionContext   : Began transaction (1) for test context [DefaultTestContext@2911db81 testClass = UserEntityTest, testInstance = sample.domain.UserEntityTest@402676e3, testMethod = createWhenUsernameIsEmptyShouldThrowException@UserEntityTest, testException = [null], mergedContextConfiguration = [MergedContextConfiguration@744db9fb testClass = UserEntityTest, locations = '{}', classes = '{class sample.Application}', contextInitializerClasses = '[]', activeProfiles = '{}', propertySourceLocations = '{}', propertySourceProperties = '{org.springframework.boot.test.context.SpringBootTestContextBootstrapper=true}', contextCustomizers = set[org.springframework.boot.test.context.ImportsContextCustomizer@58748638, org.springframework.boot.test.context.filter.ExcludeFilterContextCustomizer@704921a5, org.springframework.boot.test.mock.mockito.MockitoContextCustomizer@0, org.springframework.boot.test.autoconfigure.OverrideAutoConfigurationContextCustomizerFactory$DisableAutoConfigurationContextCustomizer@76508ed1, org.springframework.boot.test.autoconfigure.filter.TypeExcludeFiltersContextCustomizer@9353778, org.springframework.boot.test.autoconfigure.properties.PropertyMappingContextCustomizer@908e0dc6, org.springframework.boot.test.autoconfigure.web.servlet.WebDriverContextCustomizerFactory$Customizer@17baae6e], contextLoader = 'org.springframework.boot.test.context.SpringBootContextLoader', parent = [null]]]; transaction manager [org.springframework.orm.jpa.JpaTransactionManager@393e7546]; rollback [true]
2017-11-09 19:45:25.252  INFO 13236 --- [           main] o.s.t.c.transaction.TransactionContext   : Rolled back transaction for test context [DefaultTestContext@2911db81 testClass = UserEntityTest, testInstance = sample.domain.UserEntityTest@402676e3, testMethod = createWhenUsernameIsEmptyShouldThrowException@UserEntityTest, testException = java.lang.IllegalArgumentException: Username must not be empty, mergedContextConfiguration = [MergedContextConfiguration@744db9fb testClass = UserEntityTest, locations = '{}', classes = '{class sample.Application}', contextInitializerClasses = '[]', activeProfiles = '{}', propertySourceLocations = '{}', propertySourceProperties = '{org.springframework.boot.test.context.SpringBootTestContextBootstrapper=true}', contextCustomizers = set[org.springframework.boot.test.context.ImportsContextCustomizer@58748638, org.springframework.boot.test.context.filter.ExcludeFilterContextCustomizer@704921a5, org.springframework.boot.test.mock.mockito.MockitoContextCustomizer@0, org.springframework.boot.test.autoconfigure.OverrideAutoConfigurationContextCustomizerFactory$DisableAutoConfigurationContextCustomizer@76508ed1, org.springframework.boot.test.autoconfigure.filter.TypeExcludeFiltersContextCustomizer@9353778, org.springframework.boot.test.autoconfigure.properties.PropertyMappingContextCustomizer@908e0dc6, org.springframework.boot.test.autoconfigure.web.servlet.WebDriverContextCustomizerFactory$Customizer@17baae6e], contextLoader = 'org.springframework.boot.test.context.SpringBootContextLoader', parent = [null]]].
2017-11-09 19:45:25.255  INFO 13236 --- [           main] o.s.t.c.transaction.TransactionContext   : Began transaction (1) for test context [DefaultTestContext@2911db81 testClass = UserEntityTest, testInstance = sample.domain.UserEntityTest@1368e2f7, testMethod = saveShouldPersistData@UserEntityTest, testException = [null], mergedContextConfiguration = [MergedContextConfiguration@744db9fb testClass = UserEntityTest, locations = '{}', classes = '{class sample.Application}', contextInitializerClasses = '[]', activeProfiles = '{}', propertySourceLocations = '{}', propertySourceProperties = '{org.springframework.boot.test.context.SpringBootTestContextBootstrapper=true}', contextCustomizers = set[org.springframework.boot.test.context.ImportsContextCustomizer@58748638, org.springframework.boot.test.context.filter.ExcludeFilterContextCustomizer@704921a5, org.springframework.boot.test.mock.mockito.MockitoContextCustomizer@0, org.springframework.boot.test.autoconfigure.OverrideAutoConfigurationContextCustomizerFactory$DisableAutoConfigurationContextCustomizer@76508ed1, org.springframework.boot.test.autoconfigure.filter.TypeExcludeFiltersContextCustomizer@9353778, org.springframework.boot.test.autoconfigure.properties.PropertyMappingContextCustomizer@908e0dc6, org.springframework.boot.test.autoconfigure.web.servlet.WebDriverContextCustomizerFactory$Customizer@17baae6e], contextLoader = 'org.springframework.boot.test.context.SpringBootContextLoader', parent = [null]]]; transaction manager [org.springframework.orm.jpa.JpaTransactionManager@393e7546]; rollback [true]
Hibernate: insert into user (id, username, vin) values (null, ?, ?)
Hibernate: select user0_.id as id1_0_0_, user0_.username as username2_0_0_, user0_.vin as vin3_0_0_ from user user0_ where user0_.id=?
2017-11-09 19:45:25.304  INFO 13236 --- [           main] o.s.t.c.transaction.TransactionContext   : Rolled back transaction for test context [DefaultTestContext@2911db81 testClass = UserEntityTest, testInstance = sample.domain.UserEntityTest@1368e2f7, testMethod = saveShouldPersistData@UserEntityTest, testException = [null], mergedContextConfiguration = [MergedContextConfiguration@744db9fb testClass = UserEntityTest, locations = '{}', classes = '{class sample.Application}', contextInitializerClasses = '[]', activeProfiles = '{}', propertySourceLocations = '{}', propertySourceProperties = '{org.springframework.boot.test.context.SpringBootTestContextBootstrapper=true}', contextCustomizers = set[org.springframework.boot.test.context.ImportsContextCustomizer@58748638, org.springframework.boot.test.context.filter.ExcludeFilterContextCustomizer@704921a5, org.springframework.boot.test.mock.mockito.MockitoContextCustomizer@0, org.springframework.boot.test.autoconfigure.OverrideAutoConfigurationContextCustomizerFactory$DisableAutoConfigurationContextCustomizer@76508ed1, org.springframework.boot.test.autoconfigure.filter.TypeExcludeFiltersContextCustomizer@9353778, org.springframework.boot.test.autoconfigure.properties.PropertyMappingContextCustomizer@908e0dc6, org.springframework.boot.test.autoconfigure.web.servlet.WebDriverContextCustomizerFactory$Customizer@17baae6e], contextLoader = 'org.springframework.boot.test.context.SpringBootContextLoader', parent = [null]]].
Tests run: 4, Failures: 0, Errors: 0, Skipped: 0, Time elapsed: 1.1 sec - in sample.domain.UserEntityTest
Running sample.domain.UserRepositoryTest
2017-11-09 19:45:25.305  INFO 13236 --- [           main] .b.t.c.SpringBootTestContextBootstrapper : Neither @ContextConfiguration nor @ContextHierarchy found for test class [sample.domain.UserRepositoryTest], using SpringBootContextLoader
2017-11-09 19:45:25.306  INFO 13236 --- [           main] o.s.t.c.support.AbstractContextLoader    : Could not detect default resource locations for test class [sample.domain.UserRepositoryTest]: no resource found for suffixes {-context.xml, Context.groovy}.
2017-11-09 19:45:25.306  INFO 13236 --- [           main] t.c.s.AnnotationConfigContextLoaderUtils : Could not detect default configuration classes for test class [sample.domain.UserRepositoryTest]: UserRepositoryTest does not declare any static, non-private, non-final, nested classes annotated with @Configuration.
2017-11-09 19:45:25.318  INFO 13236 --- [           main] .b.t.c.SpringBootTestContextBootstrapper : Found @SpringBootConfiguration sample.Application for test class sample.domain.UserRepositoryTest
2017-11-09 19:45:25.320  INFO 13236 --- [           main] .b.t.c.SpringBootTestContextBootstrapper : Loaded default TestExecutionListener class names from location [META-INF/spring.factories]: [org.springframework.boot.test.mock.mockito.MockitoTestExecutionListener, org.springframework.boot.test.mock.mockito.ResetMocksTestExecutionListener, org.springframework.boot.test.autoconfigure.restdocs.RestDocsTestExecutionListener, org.springframework.boot.test.autoconfigure.web.client.MockRestServiceServerResetTestExecutionListener, org.springframework.boot.test.autoconfigure.web.servlet.MockMvcPrintOnlyOnFailureTestExecutionListener, org.springframework.boot.test.autoconfigure.web.servlet.WebDriverTestExecutionListener, org.springframework.test.context.web.ServletTestExecutionListener, org.springframework.test.context.support.DirtiesContextBeforeModesTestExecutionListener, org.springframework.test.context.support.DependencyInjectionTestExecutionListener, org.springframework.test.context.support.DirtiesContextTestExecutionListener, org.springframework.test.context.transaction.TransactionalTestExecutionListener, org.springframework.test.context.jdbc.SqlScriptsTestExecutionListener]
2017-11-09 19:45:25.324  INFO 13236 --- [           main] .b.t.c.SpringBootTestContextBootstrapper : Using TestExecutionListeners: [org.springframework.test.context.web.ServletTestExecutionListener@f310675, org.springframework.test.context.support.DirtiesContextBeforeModesTestExecutionListener@424ec990, org.springframework.boot.test.autoconfigure.SpringBootDependencyInjectionTestExecutionListener@2c06e145, org.springframework.test.context.support.DirtiesContextTestExecutionListener@3b780b5c, org.springframework.test.context.transaction.TransactionalTestExecutionListener@3c7db0e8, org.springframework.test.context.jdbc.SqlScriptsTestExecutionListener@84becbe, org.springframework.boot.test.autoconfigure.restdocs.RestDocsTestExecutionListener@13dc383b, org.springframework.boot.test.autoconfigure.web.servlet.WebDriverTestExecutionListener@6885f3f7, org.springframework.boot.test.mock.mockito.ResetMocksTestExecutionListener@392ef4ff, org.springframework.boot.test.autoconfigure.web.servlet.MockMvcPrintOnlyOnFailureTestExecutionListener@6ed7c178, org.springframework.boot.test.autoconfigure.web.client.MockRestServiceServerResetTestExecutionListener@1c382179, org.springframework.boot.test.mock.mockito.MockitoTestExecutionListener@5b657342]
2017-11-09 19:45:25.334  INFO 13236 --- [           main] o.s.t.c.transaction.TransactionContext   : Began transaction (1) for test context [DefaultTestContext@41d53813 testClass = UserRepositoryTest, testInstance = sample.domain.UserRepositoryTest@52f118aa, testMethod = findByUsernameWhenNoUserShouldReturnNull@UserRepositoryTest, testException = [null], mergedContextConfiguration = [MergedContextConfiguration@15a2fddd testClass = UserRepositoryTest, locations = '{}', classes = '{class sample.Application}', contextInitializerClasses = '[]', activeProfiles = '{}', propertySourceLocations = '{}', propertySourceProperties = '{org.springframework.boot.test.context.SpringBootTestContextBootstrapper=true}', contextCustomizers = set[org.springframework.boot.test.context.ImportsContextCustomizer@58748638, org.springframework.boot.test.context.filter.ExcludeFilterContextCustomizer@704921a5, org.springframework.boot.test.mock.mockito.MockitoContextCustomizer@0, org.springframework.boot.test.autoconfigure.OverrideAutoConfigurationContextCustomizerFactory$DisableAutoConfigurationContextCustomizer@76508ed1, org.springframework.boot.test.autoconfigure.filter.TypeExcludeFiltersContextCustomizer@9353778, org.springframework.boot.test.autoconfigure.properties.PropertyMappingContextCustomizer@908e0dc6, org.springframework.boot.test.autoconfigure.web.servlet.WebDriverContextCustomizerFactory$Customizer@17baae6e], contextLoader = 'org.springframework.boot.test.context.SpringBootContextLoader', parent = [null]]]; transaction manager [org.springframework.orm.jpa.JpaTransactionManager@393e7546]; rollback [true]
Hibernate: insert into user (id, username, vin) values (null, ?, ?)
2017-11-09 19:45:25.338  INFO 13236 --- [           main] o.h.h.i.QueryTranslatorFactoryInitiator  : HHH000397: Using ASTQueryTranslatorFactory
Hibernate: select user0_.id as id1_0_, user0_.username as username2_0_, user0_.vin as vin3_0_ from user user0_ where user0_.username=?
2017-11-09 19:45:25.346  INFO 13236 --- [           main] o.s.t.c.transaction.TransactionContext   : Rolled back transaction for test context [DefaultTestContext@41d53813 testClass = UserRepositoryTest, testInstance = sample.domain.UserRepositoryTest@52f118aa, testMethod = findByUsernameWhenNoUserShouldReturnNull@UserRepositoryTest, testException = [null], mergedContextConfiguration = [MergedContextConfiguration@15a2fddd testClass = UserRepositoryTest, locations = '{}', classes = '{class sample.Application}', contextInitializerClasses = '[]', activeProfiles = '{}', propertySourceLocations = '{}', propertySourceProperties = '{org.springframework.boot.test.context.SpringBootTestContextBootstrapper=true}', contextCustomizers = set[org.springframework.boot.test.context.ImportsContextCustomizer@58748638, org.springframework.boot.test.context.filter.ExcludeFilterContextCustomizer@704921a5, org.springframework.boot.test.mock.mockito.MockitoContextCustomizer@0, org.springframework.boot.test.autoconfigure.OverrideAutoConfigurationContextCustomizerFactory$DisableAutoConfigurationContextCustomizer@76508ed1, org.springframework.boot.test.autoconfigure.filter.TypeExcludeFiltersContextCustomizer@9353778, org.springframework.boot.test.autoconfigure.properties.PropertyMappingContextCustomizer@908e0dc6, org.springframework.boot.test.autoconfigure.web.servlet.WebDriverContextCustomizerFactory$Customizer@17baae6e], contextLoader = 'org.springframework.boot.test.context.SpringBootContextLoader', parent = [null]]].
2017-11-09 19:45:25.348  INFO 13236 --- [           main] o.s.t.c.transaction.TransactionContext   : Began transaction (1) for test context [DefaultTestContext@41d53813 testClass = UserRepositoryTest, testInstance = sample.domain.UserRepositoryTest@1e836aed, testMethod = findByUsernameShouldReturnUser@UserRepositoryTest, testException = [null], mergedContextConfiguration = [MergedContextConfiguration@15a2fddd testClass = UserRepositoryTest, locations = '{}', classes = '{class sample.Application}', contextInitializerClasses = '[]', activeProfiles = '{}', propertySourceLocations = '{}', propertySourceProperties = '{org.springframework.boot.test.context.SpringBootTestContextBootstrapper=true}', contextCustomizers = set[org.springframework.boot.test.context.ImportsContextCustomizer@58748638, org.springframework.boot.test.context.filter.ExcludeFilterContextCustomizer@704921a5, org.springframework.boot.test.mock.mockito.MockitoContextCustomizer@0, org.springframework.boot.test.autoconfigure.OverrideAutoConfigurationContextCustomizerFactory$DisableAutoConfigurationContextCustomizer@76508ed1, org.springframework.boot.test.autoconfigure.filter.TypeExcludeFiltersContextCustomizer@9353778, org.springframework.boot.test.autoconfigure.properties.PropertyMappingContextCustomizer@908e0dc6, org.springframework.boot.test.autoconfigure.web.servlet.WebDriverContextCustomizerFactory$Customizer@17baae6e], contextLoader = 'org.springframework.boot.test.context.SpringBootContextLoader', parent = [null]]]; transaction manager [org.springframework.orm.jpa.JpaTransactionManager@393e7546]; rollback [true]
Hibernate: insert into user (id, username, vin) values (null, ?, ?)
Hibernate: select user0_.id as id1_0_, user0_.username as username2_0_, user0_.vin as vin3_0_ from user user0_ where user0_.username=?
2017-11-09 19:45:25.355  INFO 13236 --- [           main] o.s.t.c.transaction.TransactionContext   : Rolled back transaction for test context [DefaultTestContext@41d53813 testClass = UserRepositoryTest, testInstance = sample.domain.UserRepositoryTest@1e836aed, testMethod = findByUsernameShouldReturnUser@UserRepositoryTest, testException = [null], mergedContextConfiguration = [MergedContextConfiguration@15a2fddd testClass = UserRepositoryTest, locations = '{}', classes = '{class sample.Application}', contextInitializerClasses = '[]', activeProfiles = '{}', propertySourceLocations = '{}', propertySourceProperties = '{org.springframework.boot.test.context.SpringBootTestContextBootstrapper=true}', contextCustomizers = set[org.springframework.boot.test.context.ImportsContextCustomizer@58748638, org.springframework.boot.test.context.filter.ExcludeFilterContextCustomizer@704921a5, org.springframework.boot.test.mock.mockito.MockitoContextCustomizer@0, org.springframework.boot.test.autoconfigure.OverrideAutoConfigurationContextCustomizerFactory$DisableAutoConfigurationContextCustomizer@76508ed1, org.springframework.boot.test.autoconfigure.filter.TypeExcludeFiltersContextCustomizer@9353778, org.springframework.boot.test.autoconfigure.properties.PropertyMappingContextCustomizer@908e0dc6, org.springframework.boot.test.autoconfigure.web.servlet.WebDriverContextCustomizerFactory$Customizer@17baae6e], contextLoader = 'org.springframework.boot.test.context.SpringBootContextLoader', parent = [null]]].
Tests run: 2, Failures: 0, Errors: 0, Skipped: 0, Time elapsed: 0.042 sec - in sample.domain.UserRepositoryTest
Running sample.domain.VehicleIdentificationNumberTest
Tests run: 5, Failures: 0, Errors: 0, Skipped: 0, Time elapsed: 0.003 sec - in sample.domain.VehicleIdentificationNumberTest
Running sample.service.RemoteVehicleDetailsServiceTest
2017-11-09 19:45:25.363  INFO 13236 --- [           main] .b.t.c.SpringBootTestContextBootstrapper : Neither @ContextConfiguration nor @ContextHierarchy found for test class [sample.service.RemoteVehicleDetailsServiceTest], using SpringBootContextLoader
2017-11-09 19:45:25.364  INFO 13236 --- [           main] o.s.t.c.support.AbstractContextLoader    : Could not detect default resource locations for test class [sample.service.RemoteVehicleDetailsServiceTest]: no resource found for suffixes {-context.xml, Context.groovy}.
2017-11-09 19:45:25.365  INFO 13236 --- [           main] t.c.s.AnnotationConfigContextLoaderUtils : Could not detect default configuration classes for test class [sample.service.RemoteVehicleDetailsServiceTest]: RemoteVehicleDetailsServiceTest does not declare any static, non-private, non-final, nested classes annotated with @Configuration.
2017-11-09 19:45:25.370  INFO 13236 --- [           main] .b.t.c.SpringBootTestContextBootstrapper : Found @SpringBootConfiguration sample.Application for test class sample.service.RemoteVehicleDetailsServiceTest
2017-11-09 19:45:25.373  INFO 13236 --- [           main] .b.t.c.SpringBootTestContextBootstrapper : Loaded default TestExecutionListener class names from location [META-INF/spring.factories]: [org.springframework.boot.test.mock.mockito.MockitoTestExecutionListener, org.springframework.boot.test.mock.mockito.ResetMocksTestExecutionListener, org.springframework.boot.test.autoconfigure.restdocs.RestDocsTestExecutionListener, org.springframework.boot.test.autoconfigure.web.client.MockRestServiceServerResetTestExecutionListener, org.springframework.boot.test.autoconfigure.web.servlet.MockMvcPrintOnlyOnFailureTestExecutionListener, org.springframework.boot.test.autoconfigure.web.servlet.WebDriverTestExecutionListener, org.springframework.test.context.web.ServletTestExecutionListener, org.springframework.test.context.support.DirtiesContextBeforeModesTestExecutionListener, org.springframework.test.context.support.DependencyInjectionTestExecutionListener, org.springframework.test.context.support.DirtiesContextTestExecutionListener, org.springframework.test.context.transaction.TransactionalTestExecutionListener, org.springframework.test.context.jdbc.SqlScriptsTestExecutionListener]
2017-11-09 19:45:25.375  INFO 13236 --- [           main] .b.t.c.SpringBootTestContextBootstrapper : Using TestExecutionListeners: [org.springframework.test.context.web.ServletTestExecutionListener@14bd523b, org.springframework.test.context.support.DirtiesContextBeforeModesTestExecutionListener@cc7909f, org.springframework.boot.test.autoconfigure.SpringBootDependencyInjectionTestExecutionListener@8ce4320, org.springframework.test.context.support.DirtiesContextTestExecutionListener@42012093, org.springframework.test.context.transaction.TransactionalTestExecutionListener@3c538e62, org.springframework.test.context.jdbc.SqlScriptsTestExecutionListener@ca0a21f, org.springframework.boot.test.autoconfigure.restdocs.RestDocsTestExecutionListener@768d27e8, org.springframework.boot.test.autoconfigure.web.servlet.WebDriverTestExecutionListener@3dc39412, org.springframework.boot.test.mock.mockito.ResetMocksTestExecutionListener@1d432d56, org.springframework.boot.test.autoconfigure.web.servlet.MockMvcPrintOnlyOnFailureTestExecutionListener@147ad4bb, org.springframework.boot.test.autoconfigure.web.client.MockRestServiceServerResetTestExecutionListener@bd703bb, org.springframework.boot.test.mock.mockito.MockitoTestExecutionListener@2a9565d7]

  .   ____          _            __ _ _
 /\\ / ___'_ __ _ _(_)_ __  __ _ \ \ \ \
( ( )\___ | '_ | '_| | '_ \/ _` | \ \ \ \
 \\/  ___)| |_)| | | | | || (_| |  ) ) ) )
  '  |____| .__|_| |_|_| |_\__, | / / / /
 =========|_|==============|___/=/_/_/_/
 :: Spring Boot ::  (v1.4.1.BUILD-SNAPSHOT)

2017-11-09 19:45:25.440  INFO 13236 --- [           main] s.s.RemoteVehicleDetailsServiceTest      : Starting RemoteVehicleDetailsServiceTest on cvazquezlos-PC with PID 13236 (started by c.vazquezlos in C:\Users\c.vazquezlos\Documents\GitHub\LOGANALYZER-SpringLogsGenerator)
2017-11-09 19:45:25.440  INFO 13236 --- [           main] s.s.RemoteVehicleDetailsServiceTest      : No active profile set, falling back to default profiles: default
2017-11-09 19:45:25.443  INFO 13236 --- [           main] s.c.a.AnnotationConfigApplicationContext : Refreshing org.springframework.context.annotation.AnnotationConfigApplicationContext@79e9c14: startup date [Thu Nov 09 19:45:25 CET 2017]; root of context hierarchy
2017-11-09 19:45:25.844  INFO 13236 --- [           main] s.s.RemoteVehicleDetailsServiceTest      : Started RemoteVehicleDetailsServiceTest in 0.463 seconds (JVM running for 11.448)
Tests run: 4, Failures: 0, Errors: 0, Skipped: 0, Time elapsed: 0.588 sec - in sample.service.RemoteVehicleDetailsServiceTest
Running sample.service.VehicleDetailsJsonTest
2017-11-09 19:45:25.956  INFO 13236 --- [           main] .b.t.c.SpringBootTestContextBootstrapper : Neither @ContextConfiguration nor @ContextHierarchy found for test class [sample.service.VehicleDetailsJsonTest], using SpringBootContextLoader
2017-11-09 19:45:25.959  INFO 13236 --- [           main] o.s.t.c.support.AbstractContextLoader    : Could not detect default resource locations for test class [sample.service.VehicleDetailsJsonTest]: no resource found for suffixes {-context.xml, Context.groovy}.
2017-11-09 19:45:25.959  INFO 13236 --- [           main] t.c.s.AnnotationConfigContextLoaderUtils : Could not detect default configuration classes for test class [sample.service.VehicleDetailsJsonTest]: VehicleDetailsJsonTest does not declare any static, non-private, non-final, nested classes annotated with @Configuration.
2017-11-09 19:45:25.969  INFO 13236 --- [           main] .b.t.c.SpringBootTestContextBootstrapper : Found @SpringBootConfiguration sample.Application for test class sample.service.VehicleDetailsJsonTest
2017-11-09 19:45:25.973  INFO 13236 --- [           main] .b.t.c.SpringBootTestContextBootstrapper : Loaded default TestExecutionListener class names from location [META-INF/spring.factories]: [org.springframework.boot.test.mock.mockito.MockitoTestExecutionListener, org.springframework.boot.test.mock.mockito.ResetMocksTestExecutionListener, org.springframework.boot.test.autoconfigure.restdocs.RestDocsTestExecutionListener, org.springframework.boot.test.autoconfigure.web.client.MockRestServiceServerResetTestExecutionListener, org.springframework.boot.test.autoconfigure.web.servlet.MockMvcPrintOnlyOnFailureTestExecutionListener, org.springframework.boot.test.autoconfigure.web.servlet.WebDriverTestExecutionListener, org.springframework.test.context.web.ServletTestExecutionListener, org.springframework.test.context.support.DirtiesContextBeforeModesTestExecutionListener, org.springframework.test.context.support.DependencyInjectionTestExecutionListener, org.springframework.test.context.support.DirtiesContextTestExecutionListener, org.springframework.test.context.transaction.TransactionalTestExecutionListener, org.springframework.test.context.jdbc.SqlScriptsTestExecutionListener]
2017-11-09 19:45:25.975  INFO 13236 --- [           main] .b.t.c.SpringBootTestContextBootstrapper : Using TestExecutionListeners: [org.springframework.test.context.web.ServletTestExecutionListener@468646ea, org.springframework.test.context.support.DirtiesContextBeforeModesTestExecutionListener@4056cdb2, org.springframework.boot.test.autoconfigure.SpringBootDependencyInjectionTestExecutionListener@20462820, org.springframework.test.context.support.DirtiesContextTestExecutionListener@4c0ab04f, org.springframework.test.context.transaction.TransactionalTestExecutionListener@384f0e32, org.springframework.test.context.jdbc.SqlScriptsTestExecutionListener@4e826fd4, org.springframework.boot.test.autoconfigure.restdocs.RestDocsTestExecutionListener@5f14590c, org.springframework.boot.test.autoconfigure.web.servlet.WebDriverTestExecutionListener@46051269, org.springframework.boot.test.mock.mockito.ResetMocksTestExecutionListener@67baa05, org.springframework.boot.test.autoconfigure.web.servlet.MockMvcPrintOnlyOnFailureTestExecutionListener@5b5a89d1, org.springframework.boot.test.autoconfigure.web.client.MockRestServiceServerResetTestExecutionListener@267b678f, org.springframework.boot.test.mock.mockito.MockitoTestExecutionListener@4803bf73]

  .   ____          _            __ _ _
 /\\ / ___'_ __ _ _(_)_ __  __ _ \ \ \ \
( ( )\___ | '_ | '_| | '_ \/ _` | \ \ \ \
 \\/  ___)| |_)| | | | | || (_| |  ) ) ) )
  '  |____| .__|_| |_|_| |_\__, | / / / /
 =========|_|==============|___/=/_/_/_/
 :: Spring Boot ::  (v1.4.1.BUILD-SNAPSHOT)

2017-11-09 19:45:26.035  INFO 13236 --- [           main] sample.service.VehicleDetailsJsonTest    : Starting VehicleDetailsJsonTest on cvazquezlos-PC with PID 13236 (started by c.vazquezlos in C:\Users\c.vazquezlos\Documents\GitHub\LOGANALYZER-SpringLogsGenerator)
2017-11-09 19:45:26.035  INFO 13236 --- [           main] sample.service.VehicleDetailsJsonTest    : No active profile set, falling back to default profiles: default
2017-11-09 19:45:26.037  INFO 13236 --- [           main] s.c.a.AnnotationConfigApplicationContext : Refreshing org.springframework.context.annotation.AnnotationConfigApplicationContext@21b2579d: startup date [Thu Nov 09 19:45:26 CET 2017]; root of context hierarchy
2017-11-09 19:45:26.361  INFO 13236 --- [           main] sample.service.VehicleDetailsJsonTest    : Started VehicleDetailsJsonTest in 0.379 seconds (JVM running for 11.965)
Tests run: 2, Failures: 0, Errors: 0, Skipped: 0, Time elapsed: 0.564 sec - in sample.service.VehicleDetailsJsonTest
Running sample.web.UserVehicleControllerApplicationTest
2017-11-09 19:45:26.525  INFO 13236 --- [           main] .b.t.c.SpringBootTestContextBootstrapper : Neither @ContextConfiguration nor @ContextHierarchy found for test class [sample.web.UserVehicleControllerApplicationTest], using SpringBootContextLoader
2017-11-09 19:45:26.526  INFO 13236 --- [           main] o.s.t.c.support.AbstractContextLoader    : Could not detect default resource locations for test class [sample.web.UserVehicleControllerApplicationTest]: no resource found for suffixes {-context.xml, Context.groovy}.
2017-11-09 19:45:26.526  INFO 13236 --- [           main] t.c.s.AnnotationConfigContextLoaderUtils : Could not detect default configuration classes for test class [sample.web.UserVehicleControllerApplicationTest]: UserVehicleControllerApplicationTest does not declare any static, non-private, non-final, nested classes annotated with @Configuration.
2017-11-09 19:45:26.533  INFO 13236 --- [           main] .b.t.c.SpringBootTestContextBootstrapper : Found @SpringBootConfiguration sample.Application for test class sample.web.UserVehicleControllerApplicationTest
2017-11-09 19:45:26.536  INFO 13236 --- [           main] .b.t.c.SpringBootTestContextBootstrapper : Loaded default TestExecutionListener class names from location [META-INF/spring.factories]: [org.springframework.boot.test.mock.mockito.MockitoTestExecutionListener, org.springframework.boot.test.mock.mockito.ResetMocksTestExecutionListener, org.springframework.boot.test.autoconfigure.restdocs.RestDocsTestExecutionListener, org.springframework.boot.test.autoconfigure.web.client.MockRestServiceServerResetTestExecutionListener, org.springframework.boot.test.autoconfigure.web.servlet.MockMvcPrintOnlyOnFailureTestExecutionListener, org.springframework.boot.test.autoconfigure.web.servlet.WebDriverTestExecutionListener, org.springframework.test.context.web.ServletTestExecutionListener, org.springframework.test.context.support.DirtiesContextBeforeModesTestExecutionListener, org.springframework.test.context.support.DependencyInjectionTestExecutionListener, org.springframework.test.context.support.DirtiesContextTestExecutionListener, org.springframework.test.context.transaction.TransactionalTestExecutionListener, org.springframework.test.context.jdbc.SqlScriptsTestExecutionListener]
2017-11-09 19:45:26.538  INFO 13236 --- [           main] .b.t.c.SpringBootTestContextBootstrapper : Using TestExecutionListeners: [org.springframework.test.context.web.ServletTestExecutionListener@7dd2a5f7, org.springframework.test.context.support.DirtiesContextBeforeModesTestExecutionListener@1d45c4b7, org.springframework.boot.test.autoconfigure.SpringBootDependencyInjectionTestExecutionListener@46146832, org.springframework.test.context.support.DirtiesContextTestExecutionListener@1d6014a7, org.springframework.test.context.transaction.TransactionalTestExecutionListener@7575f7e1, org.springframework.test.context.jdbc.SqlScriptsTestExecutionListener@4626f584, org.springframework.boot.test.autoconfigure.restdocs.RestDocsTestExecutionListener@2396408a, org.springframework.boot.test.autoconfigure.web.servlet.WebDriverTestExecutionListener@3e4ead73, org.springframework.boot.test.mock.mockito.ResetMocksTestExecutionListener@64de9fa4, org.springframework.boot.test.autoconfigure.web.servlet.MockMvcPrintOnlyOnFailureTestExecutionListener@15a5cc6e, org.springframework.boot.test.autoconfigure.web.client.MockRestServiceServerResetTestExecutionListener@4a65c40, org.springframework.boot.test.mock.mockito.MockitoTestExecutionListener@4fc84c92]

  .   ____          _            __ _ _
 /\\ / ___'_ __ _ _(_)_ __  __ _ \ \ \ \
( ( )\___ | '_ | '_| | '_ \/ _` | \ \ \ \
 \\/  ___)| |_)| | | | | || (_| |  ) ) ) )
  '  |____| .__|_| |_|_| |_\__, | / / / /
 =========|_|==============|___/=/_/_/_/
 :: Spring Boot ::  (v1.4.1.BUILD-SNAPSHOT)

2017-11-09 19:45:26.598  INFO 13236 --- [           main] s.w.UserVehicleControllerApplicationTest : Starting UserVehicleControllerApplicationTest on cvazquezlos-PC with PID 13236 (started by c.vazquezlos in C:\Users\c.vazquezlos\Documents\GitHub\LOGANALYZER-SpringLogsGenerator)
2017-11-09 19:45:26.598  INFO 13236 --- [           main] s.w.UserVehicleControllerApplicationTest : No active profile set, falling back to default profiles: default
2017-11-09 19:45:26.601  INFO 13236 --- [           main] o.s.w.c.s.GenericWebApplicationContext   : Refreshing org.springframework.web.context.support.GenericWebApplicationContext@694c0ed1: startup date [Thu Nov 09 19:45:26 CET 2017]; root of context hierarchy
2017-11-09 19:45:27.492  INFO 13236 --- [           main] beddedDataSourceBeanFactoryPostProcessor : Replacing 'dataSource' DataSource bean with embedded version
2017-11-09 19:45:27.492  INFO 13236 --- [           main] o.s.b.f.s.DefaultListableBeanFactory     : Overriding bean definition for bean 'dataSource' with a different definition: replacing [Root bean: class [null]; scope=; abstract=false; lazyInit=false; autowireMode=3; dependencyCheck=0; autowireCandidate=true; primary=false; factoryBeanName=org.springframework.boot.autoconfigure.jdbc.DataSourceConfiguration$Tomcat; factoryMethodName=dataSource; initMethodName=null; destroyMethodName=(inferred); defined in class path resource [org/springframework/boot/autoconfigure/jdbc/DataSourceConfiguration$Tomcat.class]] with [Root bean: class [org.springframework.boot.test.autoconfigure.orm.jpa.TestDatabaseAutoConfiguration$EmbeddedDataSourceFactoryBean]; scope=; abstract=false; lazyInit=false; autowireMode=0; dependencyCheck=0; autowireCandidate=true; primary=false; factoryBeanName=null; factoryMethodName=null; initMethodName=null; destroyMethodName=null]
2017-11-09 19:45:27.493  WARN 13236 --- [           main] o.s.c.a.ConfigurationClassPostProcessor  : Cannot enhance @Configuration bean definition 'embeddedDataSourceBeanFactoryPostProcessor' since its singleton instance has been created too early. The typical cause is a non-static @Bean method with a BeanDefinitionRegistryPostProcessor return type: Consider declaring such methods as 'static'.
2017-11-09 19:45:27.557  INFO 13236 --- [           main] trationDelegate$BeanPostProcessorChecker : Bean 'org.springframework.transaction.annotation.ProxyTransactionManagementConfiguration' of type [class org.springframework.transaction.annotation.ProxyTransactionManagementConfiguration$$EnhancerBySpringCGLIB$$26c31227] is not eligible for getting processed by all BeanPostProcessors (for example: not eligible for auto-proxying)
2017-11-09 19:45:27.586  INFO 13236 --- [           main] o.s.j.d.e.EmbeddedDatabaseFactory        : Starting embedded database: url='jdbc:h2:mem:testdb;DB_CLOSE_DELAY=-1;DB_CLOSE_ON_EXIT=false', username='sa'
2017-11-09 19:45:27.690  INFO 13236 --- [           main] j.LocalContainerEntityManagerFactoryBean : Building JPA container EntityManagerFactory for persistence unit 'default'
2017-11-09 19:45:27.690  INFO 13236 --- [           main] o.hibernate.jpa.internal.util.LogHelper  : HHH000204: Processing PersistenceUnitInfo [
	name: default
	...]
2017-11-09 19:45:27.764  INFO 13236 --- [           main] org.hibernate.dialect.Dialect            : HHH000400: Using dialect: org.hibernate.dialect.H2Dialect
2017-11-09 19:45:27.770  WARN 13236 --- [           main] o.h.t.d.java.JavaTypeDescriptorRegistry  : Could not find matching type descriptor for requested Java class [sample.domain.VehicleIdentificationNumber]; using fallback
2017-11-09 19:45:27.781  INFO 13236 --- [           main] org.hibernate.tool.hbm2ddl.SchemaExport  : HHH000227: Running hbm2ddl schema export
2017-11-09 19:45:27.784  INFO 13236 --- [           main] org.hibernate.tool.hbm2ddl.SchemaExport  : HHH000230: Schema export complete
2017-11-09 19:45:27.785  WARN 13236 --- [           main] o.h.j.i.EntityManagerFactoryRegistry     : HHH000436: Entity manager factory name (default) is already registered.  If entity manager will be clustered or passivated, specify a unique value for property 'hibernate.ejb.entitymanager_factory_name'
2017-11-09 19:45:27.785  INFO 13236 --- [           main] j.LocalContainerEntityManagerFactoryBean : Initialized JPA EntityManagerFactory for persistence unit 'default'
2017-11-09 19:45:28.169  INFO 13236 --- [           main] o.s.b.t.m.w.SpringBootMockServletContext : Initializing Spring FrameworkServlet ''
2017-11-09 19:45:28.169  INFO 13236 --- [           main] o.s.t.web.servlet.TestDispatcherServlet  : FrameworkServlet '': initialization started
2017-11-09 19:45:28.232  INFO 13236 --- [           main] o.s.jdbc.datasource.init.ScriptUtils     : Executing SQL script from URL [file:/C:/Users/c.vazquezlos/Documents/GitHub/LOGANALYZER-SpringLogsGenerator/target/test-classes/data.sql]
2017-11-09 19:45:28.234  INFO 13236 --- [           main] o.s.jdbc.datasource.init.ScriptUtils     : Executed SQL script from URL [file:/C:/Users/c.vazquezlos/Documents/GitHub/LOGANALYZER-SpringLogsGenerator/target/test-classes/data.sql] in 2 ms.
2017-11-09 19:45:28.309  INFO 13236 --- [           main] s.w.s.m.m.a.RequestMappingHandlerMapping : Mapped "{[/{username}/vehicle],methods=[GET],produces=[text/plain]}" onto public java.lang.String sample.web.UserVehicleController.getVehicleDetailsText(java.lang.String)
2017-11-09 19:45:28.309  INFO 13236 --- [           main] s.w.s.m.m.a.RequestMappingHandlerMapping : Mapped "{[/{username}/vehicle],methods=[GET],produces=[application/json]}" onto public sample.service.VehicleDetails sample.web.UserVehicleController.VehicleDetailsJson(java.lang.String)
2017-11-09 19:45:28.310  INFO 13236 --- [           main] s.w.s.m.m.a.RequestMappingHandlerMapping : Mapped "{[/{username}/vehicle.html],methods=[GET],produces=[text/html]}" onto public java.lang.String sample.web.UserVehicleController.VehicleDetailsHtml(java.lang.String)
2017-11-09 19:45:28.311  INFO 13236 --- [           main] s.w.s.m.m.a.RequestMappingHandlerMapping : Mapped "{[/error]}" onto public org.springframework.http.ResponseEntity<java.util.Map<java.lang.String, java.lang.Object>> org.springframework.boot.autoconfigure.web.BasicErrorController.error(javax.servlet.http.HttpServletRequest)
2017-11-09 19:45:28.311  INFO 13236 --- [           main] s.w.s.m.m.a.RequestMappingHandlerMapping : Mapped "{[/error],produces=[text/html]}" onto public org.springframework.web.servlet.ModelAndView org.springframework.boot.autoconfigure.web.BasicErrorController.errorHtml(javax.servlet.http.HttpServletRequest,javax.servlet.http.HttpServletResponse)
2017-11-09 19:45:28.349  INFO 13236 --- [           main] o.s.w.s.handler.SimpleUrlHandlerMapping  : Mapped URL path [/webjars/**] onto handler of type [class org.springframework.web.servlet.resource.ResourceHttpRequestHandler]
2017-11-09 19:45:28.349  INFO 13236 --- [           main] o.s.w.s.handler.SimpleUrlHandlerMapping  : Mapped URL path [/**] onto handler of type [class org.springframework.web.servlet.resource.ResourceHttpRequestHandler]
2017-11-09 19:45:28.366  INFO 13236 --- [           main] o.s.w.s.handler.SimpleUrlHandlerMapping  : Mapped URL path [/**/favicon.ico] onto handler of type [class org.springframework.web.servlet.resource.ResourceHttpRequestHandler]
2017-11-09 19:45:28.416  INFO 13236 --- [           main] s.w.s.m.m.a.RequestMappingHandlerAdapter : Looking for @ControllerAdvice: org.springframework.web.context.support.GenericWebApplicationContext@694c0ed1: startup date [Thu Nov 09 19:45:26 CET 2017]; root of context hierarchy
2017-11-09 19:45:28.529  INFO 13236 --- [           main] o.s.t.web.servlet.TestDispatcherServlet  : FrameworkServlet '': initialization completed in 360 ms
2017-11-09 19:45:29.927  INFO 13236 --- [           main] s.w.UserVehicleControllerApplicationTest : Started UserVehicleControllerApplicationTest in 3.377 seconds (JVM running for 15.532)
Tests run: 1, Failures: 0, Errors: 0, Skipped: 0, Time elapsed: 3.448 sec - in sample.web.UserVehicleControllerApplicationTest
Running sample.web.UserVehicleControllerHtmlUnitTest
2017-11-09 19:45:29.982  INFO 13236 --- [           main] .b.t.a.w.s.WebMvcTestContextBootstrapper : Neither @ContextConfiguration nor @ContextHierarchy found for test class [sample.web.UserVehicleControllerHtmlUnitTest], using SpringBootContextLoader
2017-11-09 19:45:29.983  INFO 13236 --- [           main] o.s.t.c.support.AbstractContextLoader    : Could not detect default resource locations for test class [sample.web.UserVehicleControllerHtmlUnitTest]: no resource found for suffixes {-context.xml, Context.groovy}.
2017-11-09 19:45:29.983  INFO 13236 --- [           main] t.c.s.AnnotationConfigContextLoaderUtils : Could not detect default configuration classes for test class [sample.web.UserVehicleControllerHtmlUnitTest]: UserVehicleControllerHtmlUnitTest does not declare any static, non-private, non-final, nested classes annotated with @Configuration.
2017-11-09 19:45:29.994  INFO 13236 --- [           main] .b.t.c.SpringBootTestContextBootstrapper : Found @SpringBootConfiguration sample.Application for test class sample.web.UserVehicleControllerHtmlUnitTest
2017-11-09 19:45:29.997  INFO 13236 --- [           main] .b.t.a.w.s.WebMvcTestContextBootstrapper : Loaded default TestExecutionListener class names from location [META-INF/spring.factories]: [org.springframework.boot.test.mock.mockito.MockitoTestExecutionListener, org.springframework.boot.test.mock.mockito.ResetMocksTestExecutionListener, org.springframework.boot.test.autoconfigure.restdocs.RestDocsTestExecutionListener, org.springframework.boot.test.autoconfigure.web.client.MockRestServiceServerResetTestExecutionListener, org.springframework.boot.test.autoconfigure.web.servlet.MockMvcPrintOnlyOnFailureTestExecutionListener, org.springframework.boot.test.autoconfigure.web.servlet.WebDriverTestExecutionListener, org.springframework.test.context.web.ServletTestExecutionListener, org.springframework.test.context.support.DirtiesContextBeforeModesTestExecutionListener, org.springframework.test.context.support.DependencyInjectionTestExecutionListener, org.springframework.test.context.support.DirtiesContextTestExecutionListener, org.springframework.test.context.transaction.TransactionalTestExecutionListener, org.springframework.test.context.jdbc.SqlScriptsTestExecutionListener]
2017-11-09 19:45:30.002  INFO 13236 --- [           main] .b.t.a.w.s.WebMvcTestContextBootstrapper : Using TestExecutionListeners: [org.springframework.test.context.web.ServletTestExecutionListener@56a0dd11, org.springframework.test.context.support.DirtiesContextBeforeModesTestExecutionListener@1940bacd, org.springframework.boot.test.autoconfigure.SpringBootDependencyInjectionTestExecutionListener@7508912e, org.springframework.test.context.support.DirtiesContextTestExecutionListener@1f9ec3e7, org.springframework.test.context.transaction.TransactionalTestExecutionListener@4f86cd50, org.springframework.test.context.jdbc.SqlScriptsTestExecutionListener@538c90bf, org.springframework.boot.test.autoconfigure.restdocs.RestDocsTestExecutionListener@62bcfa01, org.springframework.boot.test.autoconfigure.web.servlet.WebDriverTestExecutionListener@b549c4a, org.springframework.boot.test.mock.mockito.ResetMocksTestExecutionListener@72412c3d, org.springframework.boot.test.autoconfigure.web.servlet.MockMvcPrintOnlyOnFailureTestExecutionListener@457f43a2, org.springframework.boot.test.autoconfigure.web.client.MockRestServiceServerResetTestExecutionListener@4016d5fe, org.springframework.boot.test.mock.mockito.MockitoTestExecutionListener@6f8fa77a]

  .   ____          _            __ _ _
 /\\ / ___'_ __ _ _(_)_ __  __ _ \ \ \ \
( ( )\___ | '_ | '_| | '_ \/ _` | \ \ \ \
 \\/  ___)| |_)| | | | | || (_| |  ) ) ) )
  '  |____| .__|_| |_|_| |_\__, | / / / /
 =========|_|==============|___/=/_/_/_/
 :: Spring Boot ::  (v1.4.1.BUILD-SNAPSHOT)

2017-11-09 19:45:30.069  INFO 13236 --- [           main] s.web.UserVehicleControllerHtmlUnitTest  : Starting UserVehicleControllerHtmlUnitTest on cvazquezlos-PC with PID 13236 (started by c.vazquezlos in C:\Users\c.vazquezlos\Documents\GitHub\LOGANALYZER-SpringLogsGenerator)
2017-11-09 19:45:30.069  INFO 13236 --- [           main] s.web.UserVehicleControllerHtmlUnitTest  : No active profile set, falling back to default profiles: default
2017-11-09 19:45:30.073  INFO 13236 --- [           main] o.s.w.c.s.GenericWebApplicationContext   : Refreshing org.springframework.web.context.support.GenericWebApplicationContext@3d28c0af: startup date [Thu Nov 09 19:45:30 CET 2017]; root of context hierarchy
2017-11-09 19:45:30.490  INFO 13236 --- [           main] s.w.s.m.m.a.RequestMappingHandlerAdapter : Looking for @ControllerAdvice: org.springframework.web.context.support.GenericWebApplicationContext@3d28c0af: startup date [Thu Nov 09 19:45:30 CET 2017]; root of context hierarchy
2017-11-09 19:45:30.507  INFO 13236 --- [           main] s.w.s.m.m.a.RequestMappingHandlerMapping : Mapped "{[/{username}/vehicle],methods=[GET],produces=[text/plain]}" onto public java.lang.String sample.web.UserVehicleController.getVehicleDetailsText(java.lang.String)
2017-11-09 19:45:30.507  INFO 13236 --- [           main] s.w.s.m.m.a.RequestMappingHandlerMapping : Mapped "{[/{username}/vehicle],methods=[GET],produces=[application/json]}" onto public sample.service.VehicleDetails sample.web.UserVehicleController.VehicleDetailsJson(java.lang.String)
2017-11-09 19:45:30.507  INFO 13236 --- [           main] s.w.s.m.m.a.RequestMappingHandlerMapping : Mapped "{[/{username}/vehicle.html],methods=[GET],produces=[text/html]}" onto public java.lang.String sample.web.UserVehicleController.VehicleDetailsHtml(java.lang.String)
2017-11-09 19:45:30.534  INFO 13236 --- [           main] o.s.w.s.handler.SimpleUrlHandlerMapping  : Mapped URL path [/webjars/**] onto handler of type [class org.springframework.web.servlet.resource.ResourceHttpRequestHandler]
2017-11-09 19:45:30.534  INFO 13236 --- [           main] o.s.w.s.handler.SimpleUrlHandlerMapping  : Mapped URL path [/**] onto handler of type [class org.springframework.web.servlet.resource.ResourceHttpRequestHandler]
2017-11-09 19:45:30.569  INFO 13236 --- [           main] o.s.w.s.handler.SimpleUrlHandlerMapping  : Mapped URL path [/**/favicon.ico] onto handler of type [class org.springframework.web.servlet.resource.ResourceHttpRequestHandler]
2017-11-09 19:45:30.686  INFO 13236 --- [           main] o.s.b.t.m.w.SpringBootMockServletContext : Initializing Spring FrameworkServlet ''
2017-11-09 19:45:30.686  INFO 13236 --- [           main] o.s.t.web.servlet.TestDispatcherServlet  : FrameworkServlet '': initialization started
2017-11-09 19:45:30.698  INFO 13236 --- [           main] o.s.t.web.servlet.TestDispatcherServlet  : FrameworkServlet '': initialization completed in 12 ms
2017-11-09 19:45:30.786  INFO 13236 --- [           main] s.web.UserVehicleControllerHtmlUnitTest  : Started UserVehicleControllerHtmlUnitTest in 0.776 seconds (JVM running for 16.39)
Tests run: 1, Failures: 0, Errors: 0, Skipped: 0, Time elapsed: 1.024 sec - in sample.web.UserVehicleControllerHtmlUnitTest
Running sample.web.UserVehicleControllerSeleniumTest
2017-11-09 19:45:31.015  INFO 13236 --- [           main] .b.t.a.w.s.WebMvcTestContextBootstrapper : Neither @ContextConfiguration nor @ContextHierarchy found for test class [sample.web.UserVehicleControllerSeleniumTest], using SpringBootContextLoader
2017-11-09 19:45:31.016  INFO 13236 --- [           main] o.s.t.c.support.AbstractContextLoader    : Could not detect default resource locations for test class [sample.web.UserVehicleControllerSeleniumTest]: no resource found for suffixes {-context.xml, Context.groovy}.
2017-11-09 19:45:31.016  INFO 13236 --- [           main] t.c.s.AnnotationConfigContextLoaderUtils : Could not detect default configuration classes for test class [sample.web.UserVehicleControllerSeleniumTest]: UserVehicleControllerSeleniumTest does not declare any static, non-private, non-final, nested classes annotated with @Configuration.
2017-11-09 19:45:31.021  INFO 13236 --- [           main] .b.t.c.SpringBootTestContextBootstrapper : Found @SpringBootConfiguration sample.Application for test class sample.web.UserVehicleControllerSeleniumTest
2017-11-09 19:45:31.024  INFO 13236 --- [           main] .b.t.a.w.s.WebMvcTestContextBootstrapper : Loaded default TestExecutionListener class names from location [META-INF/spring.factories]: [org.springframework.boot.test.mock.mockito.MockitoTestExecutionListener, org.springframework.boot.test.mock.mockito.ResetMocksTestExecutionListener, org.springframework.boot.test.autoconfigure.restdocs.RestDocsTestExecutionListener, org.springframework.boot.test.autoconfigure.web.client.MockRestServiceServerResetTestExecutionListener, org.springframework.boot.test.autoconfigure.web.servlet.MockMvcPrintOnlyOnFailureTestExecutionListener, org.springframework.boot.test.autoconfigure.web.servlet.WebDriverTestExecutionListener, org.springframework.test.context.web.ServletTestExecutionListener, org.springframework.test.context.support.DirtiesContextBeforeModesTestExecutionListener, org.springframework.test.context.support.DependencyInjectionTestExecutionListener, org.springframework.test.context.support.DirtiesContextTestExecutionListener, org.springframework.test.context.transaction.TransactionalTestExecutionListener, org.springframework.test.context.jdbc.SqlScriptsTestExecutionListener]
2017-11-09 19:45:31.028  INFO 13236 --- [           main] .b.t.a.w.s.WebMvcTestContextBootstrapper : Using TestExecutionListeners: [org.springframework.test.context.web.ServletTestExecutionListener@5498d2a2, org.springframework.test.context.support.DirtiesContextBeforeModesTestExecutionListener@1d280bab, org.springframework.boot.test.autoconfigure.SpringBootDependencyInjectionTestExecutionListener@74a121fe, org.springframework.test.context.support.DirtiesContextTestExecutionListener@12639753, org.springframework.test.context.transaction.TransactionalTestExecutionListener@7c5a7f, org.springframework.test.context.jdbc.SqlScriptsTestExecutionListener@5dd47c88, org.springframework.boot.test.autoconfigure.restdocs.RestDocsTestExecutionListener@2087181d, org.springframework.boot.test.autoconfigure.web.servlet.WebDriverTestExecutionListener@2e50ca51, org.springframework.boot.test.mock.mockito.ResetMocksTestExecutionListener@4c1dc246, org.springframework.boot.test.autoconfigure.web.servlet.MockMvcPrintOnlyOnFailureTestExecutionListener@3253d771, org.springframework.boot.test.autoconfigure.web.client.MockRestServiceServerResetTestExecutionListener@2a0c76d6, org.springframework.boot.test.mock.mockito.MockitoTestExecutionListener@2a62384]

  .   ____          _            __ _ _
 /\\ / ___'_ __ _ _(_)_ __  __ _ \ \ \ \
( ( )\___ | '_ | '_| | '_ \/ _` | \ \ \ \
 \\/  ___)| |_)| | | | | || (_| |  ) ) ) )
  '  |____| .__|_| |_|_| |_\__, | / / / /
 =========|_|==============|___/=/_/_/_/
 :: Spring Boot ::  (v1.4.1.BUILD-SNAPSHOT)

2017-11-09 19:45:31.084  INFO 13236 --- [           main] s.web.UserVehicleControllerSeleniumTest  : Starting UserVehicleControllerSeleniumTest on cvazquezlos-PC with PID 13236 (started by c.vazquezlos in C:\Users\c.vazquezlos\Documents\GitHub\LOGANALYZER-SpringLogsGenerator)
2017-11-09 19:45:31.085  INFO 13236 --- [           main] s.web.UserVehicleControllerSeleniumTest  : No active profile set, falling back to default profiles: default
2017-11-09 19:45:31.088  INFO 13236 --- [           main] o.s.w.c.s.GenericWebApplicationContext   : Refreshing org.springframework.web.context.support.GenericWebApplicationContext@ebd4486: startup date [Thu Nov 09 19:45:31 CET 2017]; root of context hierarchy
2017-11-09 19:45:31.634  INFO 13236 --- [           main] s.w.s.m.m.a.RequestMappingHandlerAdapter : Looking for @ControllerAdvice: org.springframework.web.context.support.GenericWebApplicationContext@ebd4486: startup date [Thu Nov 09 19:45:31 CET 2017]; root of context hierarchy
2017-11-09 19:45:31.653  INFO 13236 --- [           main] s.w.s.m.m.a.RequestMappingHandlerMapping : Mapped "{[/{username}/vehicle],methods=[GET],produces=[text/plain]}" onto public java.lang.String sample.web.UserVehicleController.getVehicleDetailsText(java.lang.String)
2017-11-09 19:45:31.654  INFO 13236 --- [           main] s.w.s.m.m.a.RequestMappingHandlerMapping : Mapped "{[/{username}/vehicle],methods=[GET],produces=[application/json]}" onto public sample.service.VehicleDetails sample.web.UserVehicleController.VehicleDetailsJson(java.lang.String)
2017-11-09 19:45:31.654  INFO 13236 --- [           main] s.w.s.m.m.a.RequestMappingHandlerMapping : Mapped "{[/{username}/vehicle.html],methods=[GET],produces=[text/html]}" onto public java.lang.String sample.web.UserVehicleController.VehicleDetailsHtml(java.lang.String)
2017-11-09 19:45:31.693  INFO 13236 --- [           main] o.s.w.s.handler.SimpleUrlHandlerMapping  : Mapped URL path [/webjars/**] onto handler of type [class org.springframework.web.servlet.resource.ResourceHttpRequestHandler]
2017-11-09 19:45:31.693  INFO 13236 --- [           main] o.s.w.s.handler.SimpleUrlHandlerMapping  : Mapped URL path [/**] onto handler of type [class org.springframework.web.servlet.resource.ResourceHttpRequestHandler]
2017-11-09 19:45:31.749  INFO 13236 --- [           main] o.s.w.s.handler.SimpleUrlHandlerMapping  : Mapped URL path [/**/favicon.ico] onto handler of type [class org.springframework.web.servlet.resource.ResourceHttpRequestHandler]
2017-11-09 19:45:31.858  INFO 13236 --- [           main] o.s.b.t.m.w.SpringBootMockServletContext : Initializing Spring FrameworkServlet ''
2017-11-09 19:45:31.859  INFO 13236 --- [           main] o.s.t.web.servlet.TestDispatcherServlet  : FrameworkServlet '': initialization started
2017-11-09 19:45:31.873  INFO 13236 --- [           main] o.s.t.web.servlet.TestDispatcherServlet  : FrameworkServlet '': initialization completed in 14 ms
2017-11-09 19:45:31.962  INFO 13236 --- [           main] s.web.UserVehicleControllerSeleniumTest  : Started UserVehicleControllerSeleniumTest in 0.928 seconds (JVM running for 17.566)
Tests run: 1, Failures: 0, Errors: 0, Skipped: 0, Time elapsed: 1.09 sec - in sample.web.UserVehicleControllerSeleniumTest
Running sample.web.UserVehicleControllerTest
2017-11-09 19:45:32.107  INFO 13236 --- [           main] .b.t.a.w.s.WebMvcTestContextBootstrapper : Neither @ContextConfiguration nor @ContextHierarchy found for test class [sample.web.UserVehicleControllerTest], using SpringBootContextLoader
2017-11-09 19:45:32.108  INFO 13236 --- [           main] o.s.t.c.support.AbstractContextLoader    : Could not detect default resource locations for test class [sample.web.UserVehicleControllerTest]: no resource found for suffixes {-context.xml, Context.groovy}.
2017-11-09 19:45:32.108  INFO 13236 --- [           main] t.c.s.AnnotationConfigContextLoaderUtils : Could not detect default configuration classes for test class [sample.web.UserVehicleControllerTest]: UserVehicleControllerTest does not declare any static, non-private, non-final, nested classes annotated with @Configuration.
2017-11-09 19:45:32.114  INFO 13236 --- [           main] .b.t.c.SpringBootTestContextBootstrapper : Found @SpringBootConfiguration sample.Application for test class sample.web.UserVehicleControllerTest
2017-11-09 19:45:32.117  INFO 13236 --- [           main] .b.t.a.w.s.WebMvcTestContextBootstrapper : Loaded default TestExecutionListener class names from location [META-INF/spring.factories]: [org.springframework.boot.test.mock.mockito.MockitoTestExecutionListener, org.springframework.boot.test.mock.mockito.ResetMocksTestExecutionListener, org.springframework.boot.test.autoconfigure.restdocs.RestDocsTestExecutionListener, org.springframework.boot.test.autoconfigure.web.client.MockRestServiceServerResetTestExecutionListener, org.springframework.boot.test.autoconfigure.web.servlet.MockMvcPrintOnlyOnFailureTestExecutionListener, org.springframework.boot.test.autoconfigure.web.servlet.WebDriverTestExecutionListener, org.springframework.test.context.web.ServletTestExecutionListener, org.springframework.test.context.support.DirtiesContextBeforeModesTestExecutionListener, org.springframework.test.context.support.DependencyInjectionTestExecutionListener, org.springframework.test.context.support.DirtiesContextTestExecutionListener, org.springframework.test.context.transaction.TransactionalTestExecutionListener, org.springframework.test.context.jdbc.SqlScriptsTestExecutionListener]
2017-11-09 19:45:32.121  INFO 13236 --- [           main] .b.t.a.w.s.WebMvcTestContextBootstrapper : Using TestExecutionListeners: [org.springframework.test.context.web.ServletTestExecutionListener@3405025a, org.springframework.test.context.support.DirtiesContextBeforeModesTestExecutionListener@1e686da2, org.springframework.boot.test.autoconfigure.SpringBootDependencyInjectionTestExecutionListener@3ce17e4, org.springframework.test.context.support.DirtiesContextTestExecutionListener@27bde886, org.springframework.test.context.transaction.TransactionalTestExecutionListener@3b3639f9, org.springframework.test.context.jdbc.SqlScriptsTestExecutionListener@66ee4640, org.springframework.boot.test.autoconfigure.restdocs.RestDocsTestExecutionListener@156c1c4e, org.springframework.boot.test.autoconfigure.web.servlet.WebDriverTestExecutionListener@5ddd3fbd, org.springframework.boot.test.mock.mockito.ResetMocksTestExecutionListener@57ae3c0e, org.springframework.boot.test.autoconfigure.web.servlet.MockMvcPrintOnlyOnFailureTestExecutionListener@43e6bcfd, org.springframework.boot.test.autoconfigure.web.client.MockRestServiceServerResetTestExecutionListener@361d56a3, org.springframework.boot.test.mock.mockito.MockitoTestExecutionListener@289a70a]

  .   ____          _            __ _ _
 /\\ / ___'_ __ _ _(_)_ __  __ _ \ \ \ \
( ( )\___ | '_ | '_| | '_ \/ _` | \ \ \ \
 \\/  ___)| |_)| | | | | || (_| |  ) ) ) )
  '  |____| .__|_| |_|_| |_\__, | / / / /
 =========|_|==============|___/=/_/_/_/
 :: Spring Boot ::  (v1.4.1.BUILD-SNAPSHOT)

2017-11-09 19:45:32.196  INFO 13236 --- [           main] sample.web.UserVehicleControllerTest     : Starting UserVehicleControllerTest on cvazquezlos-PC with PID 13236 (started by c.vazquezlos in C:\Users\c.vazquezlos\Documents\GitHub\LOGANALYZER-SpringLogsGenerator)
2017-11-09 19:45:32.196  INFO 13236 --- [           main] sample.web.UserVehicleControllerTest     : No active profile set, falling back to default profiles: default
2017-11-09 19:45:32.199  INFO 13236 --- [           main] o.s.w.c.s.GenericWebApplicationContext   : Refreshing org.springframework.web.context.support.GenericWebApplicationContext@7c5dbca5: startup date [Thu Nov 09 19:45:32 CET 2017]; root of context hierarchy
2017-11-09 19:45:32.646  INFO 13236 --- [           main] s.w.s.m.m.a.RequestMappingHandlerAdapter : Looking for @ControllerAdvice: org.springframework.web.context.support.GenericWebApplicationContext@7c5dbca5: startup date [Thu Nov 09 19:45:32 CET 2017]; root of context hierarchy
2017-11-09 19:45:32.661  INFO 13236 --- [           main] s.w.s.m.m.a.RequestMappingHandlerMapping : Mapped "{[/{username}/vehicle],methods=[GET],produces=[text/plain]}" onto public java.lang.String sample.web.UserVehicleController.getVehicleDetailsText(java.lang.String)
2017-11-09 19:45:32.662  INFO 13236 --- [           main] s.w.s.m.m.a.RequestMappingHandlerMapping : Mapped "{[/{username}/vehicle],methods=[GET],produces=[application/json]}" onto public sample.service.VehicleDetails sample.web.UserVehicleController.VehicleDetailsJson(java.lang.String)
2017-11-09 19:45:32.662  INFO 13236 --- [           main] s.w.s.m.m.a.RequestMappingHandlerMapping : Mapped "{[/{username}/vehicle.html],methods=[GET],produces=[text/html]}" onto public java.lang.String sample.web.UserVehicleController.VehicleDetailsHtml(java.lang.String)
2017-11-09 19:45:32.693  INFO 13236 --- [           main] o.s.w.s.handler.SimpleUrlHandlerMapping  : Mapped URL path [/webjars/**] onto handler of type [class org.springframework.web.servlet.resource.ResourceHttpRequestHandler]
2017-11-09 19:45:32.693  INFO 13236 --- [           main] o.s.w.s.handler.SimpleUrlHandlerMapping  : Mapped URL path [/**] onto handler of type [class org.springframework.web.servlet.resource.ResourceHttpRequestHandler]
2017-11-09 19:45:32.730  INFO 13236 --- [           main] o.s.w.s.handler.SimpleUrlHandlerMapping  : Mapped URL path [/**/favicon.ico] onto handler of type [class org.springframework.web.servlet.resource.ResourceHttpRequestHandler]
2017-11-09 19:45:32.826  INFO 13236 --- [           main] o.s.b.t.m.w.SpringBootMockServletContext : Initializing Spring FrameworkServlet ''
2017-11-09 19:45:32.827  INFO 13236 --- [           main] o.s.t.web.servlet.TestDispatcherServlet  : FrameworkServlet '': initialization started
2017-11-09 19:45:32.839  INFO 13236 --- [           main] o.s.t.web.servlet.TestDispatcherServlet  : FrameworkServlet '': initialization completed in 12 ms
2017-11-09 19:45:32.914  INFO 13236 --- [           main] sample.web.UserVehicleControllerTest     : Started UserVehicleControllerTest in 0.784 seconds (JVM running for 18.517)
Tests run: 5, Failures: 0, Errors: 0, Skipped: 0, Time elapsed: 0.85 sec - in sample.web.UserVehicleControllerTest
Running sample.web.UserVehicleServiceTest
Tests run: 3, Failures: 0, Errors: 0, Skipped: 0, Time elapsed: 0.032 sec - in sample.web.UserVehicleServiceTest
2017-11-09 19:45:33.005  INFO 13236 --- [       Thread-8] o.s.w.c.s.GenericWebApplicationContext   : Closing org.springframework.web.context.support.GenericWebApplicationContext@ebd4486: startup date [Thu Nov 09 19:45:31 CET 2017]; root of context hierarchy
2017-11-09 19:45:33.007  INFO 13236 --- [       Thread-2] ationConfigEmbeddedWebApplicationContext : Closing org.springframework.boot.context.embedded.AnnotationConfigEmbeddedWebApplicationContext@29ca3d04: startup date [Thu Nov 09 19:45:16 CET 2017]; root of context hierarchy
2017-11-09 19:45:33.007  INFO 13236 --- [       Thread-7] o.s.w.c.s.GenericWebApplicationContext   : Closing org.springframework.web.context.support.GenericWebApplicationContext@3d28c0af: startup date [Thu Nov 09 19:45:30 CET 2017]; root of context hierarchy
2017-11-09 19:45:33.007  INFO 13236 --- [       Thread-3] s.c.a.AnnotationConfigApplicationContext : Closing org.springframework.context.annotation.AnnotationConfigApplicationContext@1071ae7c: startup date [Thu Nov 09 19:45:24 CET 2017]; root of context hierarchy
2017-11-09 19:45:33.008  INFO 13236 --- [       Thread-4] s.c.a.AnnotationConfigApplicationContext : Closing org.springframework.context.annotation.AnnotationConfigApplicationContext@79e9c14: startup date [Thu Nov 09 19:45:25 CET 2017]; root of context hierarchy
2017-11-09 19:45:33.008  INFO 13236 --- [       Thread-6] o.s.w.c.s.GenericWebApplicationContext   : Closing org.springframework.web.context.support.GenericWebApplicationContext@694c0ed1: startup date [Thu Nov 09 19:45:26 CET 2017]; root of context hierarchy
2017-11-09 19:45:33.008  INFO 13236 --- [       Thread-9] o.s.w.c.s.GenericWebApplicationContext   : Closing org.springframework.web.context.support.GenericWebApplicationContext@7c5dbca5: startup date [Thu Nov 09 19:45:32 CET 2017]; root of context hierarchy
2017-11-09 19:45:33.008  INFO 13236 --- [       Thread-5] s.c.a.AnnotationConfigApplicationContext : Closing org.springframework.context.annotation.AnnotationConfigApplicationContext@21b2579d: startup date [Thu Nov 09 19:45:26 CET 2017]; root of context hierarchy
2017-11-09 19:45:33.011  INFO 13236 --- [       Thread-3] j.LocalContainerEntityManagerFactoryBean : Closing JPA EntityManagerFactory for persistence unit 'default'
2017-11-09 19:45:33.011  INFO 13236 --- [       Thread-3] org.hibernate.tool.hbm2ddl.SchemaExport  : HHH000227: Running hbm2ddl schema export
2017-11-09 19:45:33.012  INFO 13236 --- [       Thread-2] j.LocalContainerEntityManagerFactoryBean : Closing JPA EntityManagerFactory for persistence unit 'default'
2017-11-09 19:45:33.013  INFO 13236 --- [       Thread-2] org.hibernate.tool.hbm2ddl.SchemaExport  : HHH000227: Running hbm2ddl schema export
Hibernate: drop table user if exists
2017-11-09 19:45:33.017  INFO 13236 --- [       Thread-6] j.LocalContainerEntityManagerFactoryBean : Closing JPA EntityManagerFactory for persistence unit 'default'
2017-11-09 19:45:33.017  INFO 13236 --- [       Thread-6] org.hibernate.tool.hbm2ddl.SchemaExport  : HHH000227: Running hbm2ddl schema export
2017-11-09 19:45:33.018  INFO 13236 --- [       Thread-3] org.hibernate.tool.hbm2ddl.SchemaExport  : HHH000230: Schema export complete
2017-11-09 19:45:33.018  INFO 13236 --- [       Thread-2] org.hibernate.tool.hbm2ddl.SchemaExport  : HHH000230: Schema export complete
2017-11-09 19:45:33.019  INFO 13236 --- [       Thread-6] org.hibernate.tool.hbm2ddl.SchemaExport  : HHH000230: Schema export complete

Results :

Tests run: 29, Failures: 0, Errors: 0, Skipped: 0

[INFO] 
[INFO] --- maven-jar-plugin:2.6:jar (default-jar) @ testing-spring-boot-applications ---
[INFO] Building jar: C:\Users\c.vazquezlos\Documents\GitHub\LOGANALYZER-SpringLogsGenerator\target\testing-spring-boot-applications-0.0.1-SNAPSHOT.jar
[INFO] 
[INFO] --- spring-boot-maven-plugin:1.4.1.BUILD-SNAPSHOT:repackage (default) @ testing-spring-boot-applications ---
[INFO] Downloading: https://repo.spring.io/snapshot/org/springframework/boot/spring-boot-loader-tools/1.4.1.BUILD-SNAPSHOT/maven-metadata.xml
[INFO] Downloaded: https://repo.spring.io/snapshot/org/springframework/boot/spring-boot-loader-tools/1.4.1.BUILD-SNAPSHOT/maven-metadata.xml (2.1 kB at 1.7 kB/s)
[INFO] Downloading: https://repo.spring.io/snapshot/org/springframework/boot/spring-boot-loader-tools/1.4.1.BUILD-SNAPSHOT/spring-boot-loader-tools-1.4.1.BUILD-20160920.220833-116.pom
[INFO] Downloaded: https://repo.spring.io/snapshot/org/springframework/boot/spring-boot-loader-tools/1.4.1.BUILD-SNAPSHOT/spring-boot-loader-tools-1.4.1.BUILD-20160920.220833-116.pom (4.4 kB at 8.3 kB/s)
[INFO] Downloading: https://repo.spring.io/snapshot/org/apache/maven/maven-aether-provider/3.2.1/maven-aether-provider-3.2.1.pom
[INFO] Downloading: https://repo.spring.io/milestone/org/apache/maven/maven-aether-provider/3.2.1/maven-aether-provider-3.2.1.pom
[INFO] Downloading: https://repo.maven.apache.org/maven2/org/apache/maven/maven-aether-provider/3.2.1/maven-aether-provider-3.2.1.pom
[INFO] Downloaded: https://repo.maven.apache.org/maven2/org/apache/maven/maven-aether-provider/3.2.1/maven-aether-provider-3.2.1.pom (4.1 kB at 17 kB/s)
[INFO] Downloading: https://repo.spring.io/snapshot/org/apache/maven/maven/3.2.1/maven-3.2.1.pom
[INFO] Downloading: https://repo.spring.io/milestone/org/apache/maven/maven/3.2.1/maven-3.2.1.pom
[INFO] Downloading: https://repo.maven.apache.org/maven2/org/apache/maven/maven/3.2.1/maven-3.2.1.pom
[INFO] Downloaded: https://repo.maven.apache.org/maven2/org/apache/maven/maven/3.2.1/maven-3.2.1.pom (23 kB at 204 kB/s)
[INFO] Downloading: https://repo.spring.io/snapshot/org/apache/maven/maven-model-builder/3.2.1/maven-model-builder-3.2.1.pom
[INFO] Downloading: https://repo.spring.io/milestone/org/apache/maven/maven-model-builder/3.2.1/maven-model-builder-3.2.1.pom
[INFO] Downloading: https://repo.maven.apache.org/maven2/org/apache/maven/maven-model-builder/3.2.1/maven-model-builder-3.2.1.pom
[INFO] Downloaded: https://repo.maven.apache.org/maven2/org/apache/maven/maven-model-builder/3.2.1/maven-model-builder-3.2.1.pom (2.8 kB at 38 kB/s)
[INFO] Downloading: https://repo.spring.io/snapshot/org/apache/maven/maven-repository-metadata/3.2.1/maven-repository-metadata-3.2.1.pom
[INFO] Downloading: https://repo.spring.io/milestone/org/apache/maven/maven-repository-metadata/3.2.1/maven-repository-metadata-3.2.1.pom
[INFO] Downloading: https://repo.maven.apache.org/maven2/org/apache/maven/maven-repository-metadata/3.2.1/maven-repository-metadata-3.2.1.pom
[INFO] Downloaded: https://repo.maven.apache.org/maven2/org/apache/maven/maven-repository-metadata/3.2.1/maven-repository-metadata-3.2.1.pom (2.2 kB at 30 kB/s)
[INFO] Downloading: https://repo.spring.io/snapshot/org/eclipse/aether/aether-api/1.0.2.v20150114/aether-api-1.0.2.v20150114.pom
[INFO] Downloading: https://repo.spring.io/milestone/org/eclipse/aether/aether-api/1.0.2.v20150114/aether-api-1.0.2.v20150114.pom
[INFO] Downloading: https://repo.maven.apache.org/maven2/org/eclipse/aether/aether-api/1.0.2.v20150114/aether-api-1.0.2.v20150114.pom
[INFO] Downloaded: https://repo.maven.apache.org/maven2/org/eclipse/aether/aether-api/1.0.2.v20150114/aether-api-1.0.2.v20150114.pom (1.8 kB at 25 kB/s)
[INFO] Downloading: https://repo.spring.io/snapshot/org/eclipse/aether/aether/1.0.2.v20150114/aether-1.0.2.v20150114.pom
[INFO] Downloading: https://repo.spring.io/milestone/org/eclipse/aether/aether/1.0.2.v20150114/aether-1.0.2.v20150114.pom
[INFO] Downloading: https://repo.maven.apache.org/maven2/org/eclipse/aether/aether/1.0.2.v20150114/aether-1.0.2.v20150114.pom
[INFO] Downloaded: https://repo.maven.apache.org/maven2/org/eclipse/aether/aether/1.0.2.v20150114/aether-1.0.2.v20150114.pom (29 kB at 345 kB/s)
[INFO] Downloading: https://repo.spring.io/snapshot/org/eclipse/aether/aether-spi/1.0.2.v20150114/aether-spi-1.0.2.v20150114.pom
[INFO] Downloading: https://repo.spring.io/milestone/org/eclipse/aether/aether-spi/1.0.2.v20150114/aether-spi-1.0.2.v20150114.pom
